<?xml version="1.0" encoding="UTF-8"?>
<testsuite name="io.pact.example.grpc.provider.PactVerificationTest" tests="1" skipped="0" failures="1" errors="0" timestamp="2023-03-27T09:43:25" hostname="Karthiks-MacBook-Pro.local" time="3.472">
  <properties/>
  <testcase name="grpc-consumer-jvm - calculate rectangle area request" classname="io.pact.example.grpc.provider.PactVerificationTest" time="3.472">
    <failure message="java.lang.AssertionError: grpc-consumer-jvm - Upon calculate rectangle area request &#10;Failures:&#10;&#10;1) Verification Failed&#10;&#10;    1.1) body: $.value Unable to match [&quot;1:(ThirtyTwoBit, Float) = 12&quot;] using Number&#10;&#10;    1.2) body: $.value[0] Expected and actual field have different types: 1:(ThirtyTwoBit, Float) = 12 and 1:(LengthDelimited, Unknown) = 0400004041&#10;&#10;" type="java.lang.AssertionError">java.lang.AssertionError: grpc-consumer-jvm - Upon calculate rectangle area request 
Failures:

1) Verification Failed

    1.1) body: $.value Unable to match [&quot;1:(ThirtyTwoBit, Float) = 12&quot;] using Number

    1.2) body: $.value[0] Expected and actual field have different types: 1:(ThirtyTwoBit, Float) = 12 and 1:(LengthDelimited, Unknown) = 0400004041


	at au.com.dius.pact.provider.junit5.PactVerificationContext.verifyInteraction(PactVerificationContext.kt:72)
	at io.pact.example.grpc.provider.PactVerificationTest.pactVerificationTestTemplate(PactVerificationTest.java:64)
	at java.base/jdk.internal.reflect.NativeMethodAccessorImpl.invoke0(Native Method)
	at java.base/jdk.internal.reflect.NativeMethodAccessorImpl.invoke(NativeMethodAccessorImpl.java:62)
	at java.base/jdk.internal.reflect.DelegatingMethodAccessorImpl.invoke(DelegatingMethodAccessorImpl.java:43)
	at java.base/java.lang.reflect.Method.invoke(Method.java:566)
	at org.junit.platform.commons.util.ReflectionUtils.invokeMethod(ReflectionUtils.java:727)
	at org.junit.jupiter.engine.execution.MethodInvocation.proceed(MethodInvocation.java:60)
	at org.junit.jupiter.engine.execution.InvocationInterceptorChain$ValidatingInvocation.proceed(InvocationInterceptorChain.java:131)
	at org.junit.jupiter.engine.extension.TimeoutExtension.intercept(TimeoutExtension.java:156)
	at org.junit.jupiter.engine.extension.TimeoutExtension.interceptTestableMethod(TimeoutExtension.java:147)
	at org.junit.jupiter.engine.extension.TimeoutExtension.interceptTestTemplateMethod(TimeoutExtension.java:94)
	at org.junit.jupiter.engine.execution.InterceptingExecutableInvoker$ReflectiveInterceptorCall.lambda$ofVoidMethod$0(InterceptingExecutableInvoker.java:103)
	at org.junit.jupiter.engine.execution.InterceptingExecutableInvoker.lambda$invoke$0(InterceptingExecutableInvoker.java:93)
	at org.junit.jupiter.engine.execution.InvocationInterceptorChain$InterceptedInvocation.proceed(InvocationInterceptorChain.java:106)
	at org.junit.jupiter.engine.execution.InvocationInterceptorChain.proceed(InvocationInterceptorChain.java:64)
	at org.junit.jupiter.engine.execution.InvocationInterceptorChain.chainAndInvoke(InvocationInterceptorChain.java:45)
	at org.junit.jupiter.engine.execution.InvocationInterceptorChain.invoke(InvocationInterceptorChain.java:37)
	at org.junit.jupiter.engine.execution.InterceptingExecutableInvoker.invoke(InterceptingExecutableInvoker.java:92)
	at org.junit.jupiter.engine.execution.InterceptingExecutableInvoker.invoke(InterceptingExecutableInvoker.java:86)
	at org.junit.jupiter.engine.descriptor.TestMethodTestDescriptor.lambda$invokeTestMethod$7(TestMethodTestDescriptor.java:217)
	at org.junit.platform.engine.support.hierarchical.ThrowableCollector.execute(ThrowableCollector.java:73)
	at org.junit.jupiter.engine.descriptor.TestMethodTestDescriptor.invokeTestMethod(TestMethodTestDescriptor.java:213)
	at org.junit.jupiter.engine.descriptor.TestMethodTestDescriptor.execute(TestMethodTestDescriptor.java:138)
	at org.junit.jupiter.engine.descriptor.TestMethodTestDescriptor.execute(TestMethodTestDescriptor.java:68)
	at org.junit.platform.engine.support.hierarchical.NodeTestTask.lambda$executeRecursively$6(NodeTestTask.java:151)
	at org.junit.platform.engine.support.hierarchical.ThrowableCollector.execute(ThrowableCollector.java:73)
	at org.junit.platform.engine.support.hierarchical.NodeTestTask.lambda$executeRecursively$8(NodeTestTask.java:141)
	at org.junit.platform.engine.support.hierarchical.Node.around(Node.java:137)
	at org.junit.platform.engine.support.hierarchical.NodeTestTask.lambda$executeRecursively$9(NodeTestTask.java:139)
	at org.junit.platform.engine.support.hierarchical.ThrowableCollector.execute(ThrowableCollector.java:73)
	at org.junit.platform.engine.support.hierarchical.NodeTestTask.executeRecursively(NodeTestTask.java:138)
	at org.junit.platform.engine.support.hierarchical.NodeTestTask.execute(NodeTestTask.java:95)
	at org.junit.platform.engine.support.hierarchical.SameThreadHierarchicalTestExecutorService.submit(SameThreadHierarchicalTestExecutorService.java:35)
	at org.junit.platform.engine.support.hierarchical.NodeTestTask$DefaultDynamicTestExecutor.execute(NodeTestTask.java:226)
	at org.junit.platform.engine.support.hierarchical.NodeTestTask$DefaultDynamicTestExecutor.execute(NodeTestTask.java:204)
	at org.junit.jupiter.engine.descriptor.TestTemplateTestDescriptor.execute(TestTemplateTestDescriptor.java:142)
	at org.junit.jupiter.engine.descriptor.TestTemplateTestDescriptor.lambda$execute$2(TestTemplateTestDescriptor.java:110)
	at java.base/java.util.stream.ForEachOps$ForEachOp$OfRef.accept(ForEachOps.java:183)
	at java.base/java.util.stream.ReferencePipeline$3$1.accept(ReferencePipeline.java:195)
	at java.base/java.util.stream.ReferencePipeline$2$1.accept(ReferencePipeline.java:177)
	at java.base/java.util.stream.ReferencePipeline$3$1.accept(ReferencePipeline.java:195)
	at java.base/java.util.ArrayList$ArrayListSpliterator.forEachRemaining(ArrayList.java:1655)
	at java.base/java.util.stream.ReferencePipeline$Head.forEach(ReferencePipeline.java:658)
	at java.base/java.util.stream.ReferencePipeline$7$1.accept(ReferencePipeline.java:274)
	at java.base/java.util.ArrayList$ArrayListSpliterator.forEachRemaining(ArrayList.java:1655)
	at java.base/java.util.stream.AbstractPipeline.copyInto(AbstractPipeline.java:484)
	at java.base/java.util.stream.AbstractPipeline.wrapAndCopyInto(AbstractPipeline.java:474)
	at java.base/java.util.stream.ForEachOps$ForEachOp.evaluateSequential(ForEachOps.java:150)
	at java.base/java.util.stream.ForEachOps$ForEachOp$OfRef.evaluateSequential(ForEachOps.java:173)
	at java.base/java.util.stream.AbstractPipeline.evaluate(AbstractPipeline.java:234)
	at java.base/java.util.stream.ReferencePipeline.forEach(ReferencePipeline.java:497)
	at org.junit.jupiter.engine.descriptor.TestTemplateTestDescriptor.execute(TestTemplateTestDescriptor.java:110)
	at org.junit.jupiter.engine.descriptor.TestTemplateTestDescriptor.execute(TestTemplateTestDescriptor.java:44)
	at org.junit.platform.engine.support.hierarchical.NodeTestTask.lambda$executeRecursively$6(NodeTestTask.java:151)
	at org.junit.platform.engine.support.hierarchical.ThrowableCollector.execute(ThrowableCollector.java:73)
	at org.junit.platform.engine.support.hierarchical.NodeTestTask.lambda$executeRecursively$8(NodeTestTask.java:141)
	at org.junit.platform.engine.support.hierarchical.Node.around(Node.java:137)
	at org.junit.platform.engine.support.hierarchical.NodeTestTask.lambda$executeRecursively$9(NodeTestTask.java:139)
	at org.junit.platform.engine.support.hierarchical.ThrowableCollector.execute(ThrowableCollector.java:73)
	at org.junit.platform.engine.support.hierarchical.NodeTestTask.executeRecursively(NodeTestTask.java:138)
	at org.junit.platform.engine.support.hierarchical.NodeTestTask.execute(NodeTestTask.java:95)
	at java.base/java.util.ArrayList.forEach(ArrayList.java:1541)
	at org.junit.platform.engine.support.hierarchical.SameThreadHierarchicalTestExecutorService.invokeAll(SameThreadHierarchicalTestExecutorService.java:41)
	at org.junit.platform.engine.support.hierarchical.NodeTestTask.lambda$executeRecursively$6(NodeTestTask.java:155)
	at org.junit.platform.engine.support.hierarchical.ThrowableCollector.execute(ThrowableCollector.java:73)
	at org.junit.platform.engine.support.hierarchical.NodeTestTask.lambda$executeRecursively$8(NodeTestTask.java:141)
	at org.junit.platform.engine.support.hierarchical.Node.around(Node.java:137)
	at org.junit.platform.engine.support.hierarchical.NodeTestTask.lambda$executeRecursively$9(NodeTestTask.java:139)
	at org.junit.platform.engine.support.hierarchical.ThrowableCollector.execute(ThrowableCollector.java:73)
	at org.junit.platform.engine.support.hierarchical.NodeTestTask.executeRecursively(NodeTestTask.java:138)
	at org.junit.platform.engine.support.hierarchical.NodeTestTask.execute(NodeTestTask.java:95)
	at java.base/java.util.ArrayList.forEach(ArrayList.java:1541)
	at org.junit.platform.engine.support.hierarchical.SameThreadHierarchicalTestExecutorService.invokeAll(SameThreadHierarchicalTestExecutorService.java:41)
	at org.junit.platform.engine.support.hierarchical.NodeTestTask.lambda$executeRecursively$6(NodeTestTask.java:155)
	at org.junit.platform.engine.support.hierarchical.ThrowableCollector.execute(ThrowableCollector.java:73)
	at org.junit.platform.engine.support.hierarchical.NodeTestTask.lambda$executeRecursively$8(NodeTestTask.java:141)
	at org.junit.platform.engine.support.hierarchical.Node.around(Node.java:137)
	at org.junit.platform.engine.support.hierarchical.NodeTestTask.lambda$executeRecursively$9(NodeTestTask.java:139)
	at org.junit.platform.engine.support.hierarchical.ThrowableCollector.execute(ThrowableCollector.java:73)
	at org.junit.platform.engine.support.hierarchical.NodeTestTask.executeRecursively(NodeTestTask.java:138)
	at org.junit.platform.engine.support.hierarchical.NodeTestTask.execute(NodeTestTask.java:95)
	at org.junit.platform.engine.support.hierarchical.SameThreadHierarchicalTestExecutorService.submit(SameThreadHierarchicalTestExecutorService.java:35)
	at org.junit.platform.engine.support.hierarchical.HierarchicalTestExecutor.execute(HierarchicalTestExecutor.java:57)
	at org.junit.platform.engine.support.hierarchical.HierarchicalTestEngine.execute(HierarchicalTestEngine.java:54)
	at org.junit.platform.launcher.core.EngineExecutionOrchestrator.execute(EngineExecutionOrchestrator.java:108)
	at org.junit.platform.launcher.core.EngineExecutionOrchestrator.execute(EngineExecutionOrchestrator.java:88)
	at org.junit.platform.launcher.core.EngineExecutionOrchestrator.lambda$execute$0(EngineExecutionOrchestrator.java:54)
	at org.junit.platform.launcher.core.EngineExecutionOrchestrator.withInterceptedStreams(EngineExecutionOrchestrator.java:67)
	at org.junit.platform.launcher.core.EngineExecutionOrchestrator.execute(EngineExecutionOrchestrator.java:52)
	at org.junit.platform.launcher.core.DefaultLauncher.execute(DefaultLauncher.java:96)
	at org.junit.platform.launcher.core.DefaultLauncher.execute(DefaultLauncher.java:75)
	at org.gradle.api.internal.tasks.testing.junitplatform.JUnitPlatformTestClassProcessor$CollectAllTestClassesExecutor.processAllTestClasses(JUnitPlatformTestClassProcessor.java:99)
	at org.gradle.api.internal.tasks.testing.junitplatform.JUnitPlatformTestClassProcessor$CollectAllTestClassesExecutor.access$000(JUnitPlatformTestClassProcessor.java:79)
	at org.gradle.api.internal.tasks.testing.junitplatform.JUnitPlatformTestClassProcessor.stop(JUnitPlatformTestClassProcessor.java:75)
	at org.gradle.api.internal.tasks.testing.SuiteTestClassProcessor.stop(SuiteTestClassProcessor.java:61)
	at java.base/jdk.internal.reflect.NativeMethodAccessorImpl.invoke0(Native Method)
	at java.base/jdk.internal.reflect.NativeMethodAccessorImpl.invoke(NativeMethodAccessorImpl.java:62)
	at java.base/jdk.internal.reflect.DelegatingMethodAccessorImpl.invoke(DelegatingMethodAccessorImpl.java:43)
	at java.base/java.lang.reflect.Method.invoke(Method.java:566)
	at org.gradle.internal.dispatch.ReflectionDispatch.dispatch(ReflectionDispatch.java:36)
	at org.gradle.internal.dispatch.ReflectionDispatch.dispatch(ReflectionDispatch.java:24)
	at org.gradle.internal.dispatch.ContextClassLoaderDispatch.dispatch(ContextClassLoaderDispatch.java:33)
	at org.gradle.internal.dispatch.ProxyDispatchAdapter$DispatchingInvocationHandler.invoke(ProxyDispatchAdapter.java:94)
	at com.sun.proxy.$Proxy2.stop(Unknown Source)
	at org.gradle.api.internal.tasks.testing.worker.TestWorker.stop(TestWorker.java:133)
	at java.base/jdk.internal.reflect.NativeMethodAccessorImpl.invoke0(Native Method)
	at java.base/jdk.internal.reflect.NativeMethodAccessorImpl.invoke(NativeMethodAccessorImpl.java:62)
	at java.base/jdk.internal.reflect.DelegatingMethodAccessorImpl.invoke(DelegatingMethodAccessorImpl.java:43)
	at java.base/java.lang.reflect.Method.invoke(Method.java:566)
	at org.gradle.internal.dispatch.ReflectionDispatch.dispatch(ReflectionDispatch.java:36)
	at org.gradle.internal.dispatch.ReflectionDispatch.dispatch(ReflectionDispatch.java:24)
	at org.gradle.internal.remote.internal.hub.MessageHubBackedObjectConnection$DispatchWrapper.dispatch(MessageHubBackedObjectConnection.java:182)
	at org.gradle.internal.remote.internal.hub.MessageHubBackedObjectConnection$DispatchWrapper.dispatch(MessageHubBackedObjectConnection.java:164)
	at org.gradle.internal.remote.internal.hub.MessageHub$Handler.run(MessageHub.java:414)
	at org.gradle.internal.concurrent.ExecutorPolicy$CatchAndRecordFailures.onExecute(ExecutorPolicy.java:64)
	at org.gradle.internal.concurrent.ManagedExecutorImpl$1.run(ManagedExecutorImpl.java:48)
	at java.base/java.util.concurrent.ThreadPoolExecutor.runWorker(ThreadPoolExecutor.java:1128)
	at java.base/java.util.concurrent.ThreadPoolExecutor$Worker.run(ThreadPoolExecutor.java:628)
	at org.gradle.internal.concurrent.ThreadFactoryImpl$ManagedThreadRunnable.run(ThreadFactoryImpl.java:56)
	at java.base/java.lang.Thread.run(Thread.java:829)
</failure>
  </testcase>
  <system-out><![CDATA[15:13:24,764 |-INFO in ch.qos.logback.classic.LoggerContext[default] - Could NOT find resource [logback-test.xml]
15:13:24,764 |-INFO in ch.qos.logback.classic.LoggerContext[default] - Found resource [logback.xml] at [file:/Users/karthik/Downloads/pact-plugins-main/examples/protobuf/protobuf-consumer-jvm/build/resources/test/logback.xml]
15:13:24,859 |-INFO in ch.qos.logback.classic.joran.action.ConfigurationAction - debug attribute not set
15:13:24,862 |-INFO in ch.qos.logback.core.joran.action.AppenderAction - About to instantiate appender of type [ch.qos.logback.core.ConsoleAppender]
15:13:24,867 |-INFO in ch.qos.logback.core.joran.action.AppenderAction - Naming appender as [STDOUT]
15:13:24,870 |-INFO in ch.qos.logback.core.joran.action.NestedComplexPropertyIA - Assuming default type [ch.qos.logback.classic.encoder.PatternLayoutEncoder] for [encoder] property
15:13:24,887 |-INFO in ch.qos.logback.classic.joran.action.RootLoggerAction - Setting level of ROOT logger to TRACE
15:13:24,887 |-INFO in ch.qos.logback.core.joran.action.AppenderRefAction - Attaching appender named [STDOUT] to Logger[ROOT]
15:13:24,889 |-ERROR in ch.qos.logback.core.joran.spi.Interpreter@13:36 - no applicable action for [io.grpc.netty], current ElementPath  is [[configuration][io.grpc.netty]]
15:13:24,889 |-INFO in ch.qos.logback.classic.joran.action.ConfigurationAction - End of configuration.
15:13:24,889 |-INFO in ch.qos.logback.classic.joran.JoranConfigurator@4859835c - Registering current configuration as safe fallback point

15:13:24.902 [Test worker] TRACE a.c.d.p.p.j.PactVerificationInvocationContextProvider - provideTestTemplateInvocationContexts called
15:13:24.924 [Test worker] DEBUG a.c.d.p.p.j.PactVerificationInvocationContextProvider - Verifying pacts for provider 'area-calculator-provider' and consumer 'null'
15:13:25.340 [Test worker] DEBUG a.c.d.p.p.j.PactVerificationInvocationContextProvider - Pact sources on test class:
 @au.com.dius.pact.provider.junitsupport.loader.PactSource(value=au.com.dius.pact.provider.junitsupport.loader.PactFolderLoader.class)
15:13:25.342 [Test worker] DEBUG a.c.dius.pact.provider.ProviderUtils - Pact source does not have a constructor with one argument of type Class
15:13:25.480 [Test worker] TRACE a.c.d.p.c.m.m.MatchingRule - MatchingRule.create(number, {"match":"number"})
15:13:25.481 [Test worker] TRACE a.c.d.p.c.m.m.MatchingRule - MatchingRule.create(number, {"match":"number"})
15:13:25.483 [Test worker] TRACE a.c.d.p.c.m.m.MatchingRule - MatchingRule.create(number, {"match":"number"})
15:13:25.523 [Test worker] DEBUG a.c.d.p.p.j.PactVerificationStateChangeExtension - beforeEach for interaction 'calculate rectangle area request'
15:13:25.554 [Test worker] DEBUG i.p.p.jvm.core.DefaultPluginManager - Found plugin manifest: /Users/karthik/.pact/plugins/protobuf-0.1.5/pact-plugin.json
15:13:25.572 [Test worker] TRACE i.p.p.jvm.core.DefaultPluginManager - Manifest version is 0.1.5
15:13:25.574 [Test worker] DEBUG i.p.p.jvm.core.DefaultPluginManager - Found plugin manifest: /Users/karthik/.pact/plugins/protobuf-0.0.0/pact-plugin.json
15:13:25.591 [Thread-4] WARN  i.p.plugins.jvm.core.PluginMetrics - 
          Please note: we are tracking this plugin load anonymously to gather important usage statistics.
          To disable tracking, set the 'pact_do_not_track' system property or environment variable to 'true'.
          
15:13:25.613 [Test worker] DEBUG i.p.p.jvm.core.DefaultPluginManager - Starting plugin with manifest DefaultPactPluginManifest(pluginDir=/Users/karthik/.pact/plugins/protobuf-0.1.5, pluginInterfaceVersion=1, name=protobuf, version=0.1.5, executableType=exec, minimumRequiredVersion=null, entryPoint=pact-protobuf-plugin, entryPoints={}, args=[], dependencies=[])
15:13:25.613 [Test worker] DEBUG i.p.p.jvm.core.DefaultPluginManager - Detected OS: mac os x
15:13:25.629 [Thread-4] DEBUG i.p.plugins.jvm.core.PluginMetrics - Sending event to GA - {v=1, t=event, tid=UA-117778936-1, cid=e5055a8685601fcd821493daacce8417, an=pact-plugins-jvm, aid=pact-plugins-jvm, av=0.1.8, aip=true, ds=client, cd2=unknown, cd3=mac os x-x86_64, cd4=protobuf, cd5=0.1.5, cd7=11.0.13+8-LTS, el=Plugin loaded, ec=Plugin, ea=Loaded, ev=1}
15:13:25.631 [Test worker] DEBUG i.p.p.jvm.core.DefaultPluginManager - Starting plugin protobuf process [/Users/karthik/.pact/plugins/protobuf-0.1.5/pact-protobuf-plugin]
15:13:25.643 [Test worker] DEBUG i.pact.plugins.jvm.core.ChildProcess - Child process started = [user: Optional[karthik], cmd: /Users/karthik/.pact/plugins/protobuf-0.1.5/pact-protobuf-plugin, startTime: Optional[2023-03-27T09:43:25.631Z]]
15:13:25.746 [Test worker] DEBUG i.pact.plugins.jvm.core.ChildProcess - Child process started ok
15:13:25.753 [Test worker] DEBUG i.p.p.jvm.core.DefaultPluginManager - Plugin protobuf started with PID 46348
15:13:25.756 [Thread-5] DEBUG i.pact.plugins.jvm.core.ChildProcess - Plugin protobuf [46348] || {"port":54371, "serverKey":"76890bd5-a20d-4c00-9cad-333e5317f474"}
15:13:25.757 [Thread-5] DEBUG i.pact.plugins.jvm.core.ChildProcess - Got JSON message from plugin process
15:13:25.759 [Test worker] DEBUG i.p.p.jvm.core.DefaultPluginManager - Plugin process started OK (port = 54371), sending init message
15:13:25.807 [Test worker] DEBUG i.n.u.i.l.InternalLoggerFactory - Using SLF4J as the default logging framework
15:13:25.812 [Test worker] DEBUG i.n.util.internal.PlatformDependent0 - -Dio.netty.noUnsafe: false
15:13:25.812 [Test worker] DEBUG i.n.util.internal.PlatformDependent0 - Java version: 11
15:13:25.814 [Test worker] DEBUG i.n.util.internal.PlatformDependent0 - sun.misc.Unsafe.theUnsafe: available
15:13:25.815 [Test worker] DEBUG i.n.util.internal.PlatformDependent0 - sun.misc.Unsafe.copyMemory: available
15:13:25.816 [Test worker] DEBUG i.n.util.internal.PlatformDependent0 - sun.misc.Unsafe.storeFence: available
15:13:25.816 [Test worker] DEBUG i.n.util.internal.PlatformDependent0 - java.nio.Buffer.address: available
15:13:25.822 [Test worker] DEBUG i.n.util.internal.PlatformDependent0 - direct buffer constructor: unavailable
java.lang.UnsupportedOperationException: Reflective setAccessible(true) disabled
	at io.netty.util.internal.ReflectionUtil.trySetAccessible(ReflectionUtil.java:31)
	at io.netty.util.internal.PlatformDependent0$5.run(PlatformDependent0.java:288)
	at java.base/java.security.AccessController.doPrivileged(Native Method)
	at io.netty.util.internal.PlatformDependent0.<clinit>(PlatformDependent0.java:282)
	at io.netty.util.internal.PlatformDependent.isAndroid(PlatformDependent.java:333)
	at io.netty.util.internal.PlatformDependent.<clinit>(PlatformDependent.java:88)
	at io.netty.util.AsciiString.<init>(AsciiString.java:223)
	at io.netty.util.AsciiString.<init>(AsciiString.java:210)
	at io.netty.util.AsciiString.cached(AsciiString.java:1401)
	at io.netty.util.AsciiString.<clinit>(AsciiString.java:48)
	at io.grpc.netty.Utils.<clinit>(Utils.java:78)
	at io.grpc.netty.UdsNettyChannelProvider.isAvailable(UdsNettyChannelProvider.java:34)
	at io.grpc.ManagedChannelRegistry$ManagedChannelPriorityAccessor.isAvailable(ManagedChannelRegistry.java:213)
	at io.grpc.ManagedChannelRegistry$ManagedChannelPriorityAccessor.isAvailable(ManagedChannelRegistry.java:209)
	at io.grpc.ServiceProviders.loadAll(ServiceProviders.java:68)
	at io.grpc.ManagedChannelRegistry.getDefaultRegistry(ManagedChannelRegistry.java:101)
	at io.grpc.ManagedChannelProvider.provider(ManagedChannelProvider.java:43)
	at io.grpc.ManagedChannelBuilder.forTarget(ManagedChannelBuilder.java:76)
	at io.pact.plugins.jvm.core.DefaultPluginManager$tryInitPlugin$1.invoke(PluginManager.kt:768)
	at io.pact.plugins.jvm.core.Utils.handleWith(Util.kt:42)
	at io.pact.plugins.jvm.core.DefaultPluginManager.tryInitPlugin(PluginManager.kt:767)
	at io.pact.plugins.jvm.core.DefaultPluginManager.initialisePlugin(PluginManager.kt:750)
	at io.pact.plugins.jvm.core.DefaultPluginManager.loadPlugin(PluginManager.kt:373)
	at au.com.dius.pact.provider.junit5.PluginTestTarget.prepareVerifier(PluginTestTarget.kt:111)
	at au.com.dius.pact.provider.junit5.PactVerificationExtension.prepareVerifier(PactVerificationExtension.kt:144)
	at au.com.dius.pact.provider.junit5.PactVerificationExtension.beforeTestExecution(PactVerificationExtension.kt:119)
	at org.junit.jupiter.engine.descriptor.TestMethodTestDescriptor.lambda$invokeBeforeTestExecutionCallbacks$5(TestMethodTestDescriptor.java:191)
	at org.junit.jupiter.engine.descriptor.TestMethodTestDescriptor.lambda$invokeBeforeMethodsOrCallbacksUntilExceptionOccurs$6(TestMethodTestDescriptor.java:202)
	at org.junit.platform.engine.support.hierarchical.ThrowableCollector.execute(ThrowableCollector.java:73)
	at org.junit.jupiter.engine.descriptor.TestMethodTestDescriptor.invokeBeforeMethodsOrCallbacksUntilExceptionOccurs(TestMethodTestDescriptor.java:202)
	at org.junit.jupiter.engine.descriptor.TestMethodTestDescriptor.invokeBeforeTestExecutionCallbacks(TestMethodTestDescriptor.java:190)
	at org.junit.jupiter.engine.descriptor.TestMethodTestDescriptor.execute(TestMethodTestDescriptor.java:136)
	at org.junit.jupiter.engine.descriptor.TestMethodTestDescriptor.execute(TestMethodTestDescriptor.java:68)
	at org.junit.platform.engine.support.hierarchical.NodeTestTask.lambda$executeRecursively$6(NodeTestTask.java:151)
	at org.junit.platform.engine.support.hierarchical.ThrowableCollector.execute(ThrowableCollector.java:73)
	at org.junit.platform.engine.support.hierarchical.NodeTestTask.lambda$executeRecursively$8(NodeTestTask.java:141)
	at org.junit.platform.engine.support.hierarchical.Node.around(Node.java:137)
	at org.junit.platform.engine.support.hierarchical.NodeTestTask.lambda$executeRecursively$9(NodeTestTask.java:139)
	at org.junit.platform.engine.support.hierarchical.ThrowableCollector.execute(ThrowableCollector.java:73)
	at org.junit.platform.engine.support.hierarchical.NodeTestTask.executeRecursively(NodeTestTask.java:138)
	at org.junit.platform.engine.support.hierarchical.NodeTestTask.execute(NodeTestTask.java:95)
	at org.junit.platform.engine.support.hierarchical.SameThreadHierarchicalTestExecutorService.submit(SameThreadHierarchicalTestExecutorService.java:35)
	at org.junit.platform.engine.support.hierarchical.NodeTestTask$DefaultDynamicTestExecutor.execute(NodeTestTask.java:226)
	at org.junit.platform.engine.support.hierarchical.NodeTestTask$DefaultDynamicTestExecutor.execute(NodeTestTask.java:204)
	at org.junit.jupiter.engine.descriptor.TestTemplateTestDescriptor.execute(TestTemplateTestDescriptor.java:142)
	at org.junit.jupiter.engine.descriptor.TestTemplateTestDescriptor.lambda$execute$2(TestTemplateTestDescriptor.java:110)
	at java.base/java.util.stream.ForEachOps$ForEachOp$OfRef.accept(ForEachOps.java:183)
	at java.base/java.util.stream.ReferencePipeline$3$1.accept(ReferencePipeline.java:195)
	at java.base/java.util.stream.ReferencePipeline$2$1.accept(ReferencePipeline.java:177)
	at java.base/java.util.stream.ReferencePipeline$3$1.accept(ReferencePipeline.java:195)
	at java.base/java.util.ArrayList$ArrayListSpliterator.forEachRemaining(ArrayList.java:1655)
	at java.base/java.util.stream.ReferencePipeline$Head.forEach(ReferencePipeline.java:658)
	at java.base/java.util.stream.ReferencePipeline$7$1.accept(ReferencePipeline.java:274)
	at java.base/java.util.ArrayList$ArrayListSpliterator.forEachRemaining(ArrayList.java:1655)
	at java.base/java.util.stream.AbstractPipeline.copyInto(AbstractPipeline.java:484)
	at java.base/java.util.stream.AbstractPipeline.wrapAndCopyInto(AbstractPipeline.java:474)
	at java.base/java.util.stream.ForEachOps$ForEachOp.evaluateSequential(ForEachOps.java:150)
	at java.base/java.util.stream.ForEachOps$ForEachOp$OfRef.evaluateSequential(ForEachOps.java:173)
	at java.base/java.util.stream.AbstractPipeline.evaluate(AbstractPipeline.java:234)
	at java.base/java.util.stream.ReferencePipeline.forEach(ReferencePipeline.java:497)
	at org.junit.jupiter.engine.descriptor.TestTemplateTestDescriptor.execute(TestTemplateTestDescriptor.java:110)
	at org.junit.jupiter.engine.descriptor.TestTemplateTestDescriptor.execute(TestTemplateTestDescriptor.java:44)
	at org.junit.platform.engine.support.hierarchical.NodeTestTask.lambda$executeRecursively$6(NodeTestTask.java:151)
	at org.junit.platform.engine.support.hierarchical.ThrowableCollector.execute(ThrowableCollector.java:73)
	at org.junit.platform.engine.support.hierarchical.NodeTestTask.lambda$executeRecursively$8(NodeTestTask.java:141)
	at org.junit.platform.engine.support.hierarchical.Node.around(Node.java:137)
	at org.junit.platform.engine.support.hierarchical.NodeTestTask.lambda$executeRecursively$9(NodeTestTask.java:139)
	at org.junit.platform.engine.support.hierarchical.ThrowableCollector.execute(ThrowableCollector.java:73)
	at org.junit.platform.engine.support.hierarchical.NodeTestTask.executeRecursively(NodeTestTask.java:138)
	at org.junit.platform.engine.support.hierarchical.NodeTestTask.execute(NodeTestTask.java:95)
	at java.base/java.util.ArrayList.forEach(ArrayList.java:1541)
	at org.junit.platform.engine.support.hierarchical.SameThreadHierarchicalTestExecutorService.invokeAll(SameThreadHierarchicalTestExecutorService.java:41)
	at org.junit.platform.engine.support.hierarchical.NodeTestTask.lambda$executeRecursively$6(NodeTestTask.java:155)
	at org.junit.platform.engine.support.hierarchical.ThrowableCollector.execute(ThrowableCollector.java:73)
	at org.junit.platform.engine.support.hierarchical.NodeTestTask.lambda$executeRecursively$8(NodeTestTask.java:141)
	at org.junit.platform.engine.support.hierarchical.Node.around(Node.java:137)
	at org.junit.platform.engine.support.hierarchical.NodeTestTask.lambda$executeRecursively$9(NodeTestTask.java:139)
	at org.junit.platform.engine.support.hierarchical.ThrowableCollector.execute(ThrowableCollector.java:73)
	at org.junit.platform.engine.support.hierarchical.NodeTestTask.executeRecursively(NodeTestTask.java:138)
	at org.junit.platform.engine.support.hierarchical.NodeTestTask.execute(NodeTestTask.java:95)
	at java.base/java.util.ArrayList.forEach(ArrayList.java:1541)
	at org.junit.platform.engine.support.hierarchical.SameThreadHierarchicalTestExecutorService.invokeAll(SameThreadHierarchicalTestExecutorService.java:41)
	at org.junit.platform.engine.support.hierarchical.NodeTestTask.lambda$executeRecursively$6(NodeTestTask.java:155)
	at org.junit.platform.engine.support.hierarchical.ThrowableCollector.execute(ThrowableCollector.java:73)
	at org.junit.platform.engine.support.hierarchical.NodeTestTask.lambda$executeRecursively$8(NodeTestTask.java:141)
	at org.junit.platform.engine.support.hierarchical.Node.around(Node.java:137)
	at org.junit.platform.engine.support.hierarchical.NodeTestTask.lambda$executeRecursively$9(NodeTestTask.java:139)
	at org.junit.platform.engine.support.hierarchical.ThrowableCollector.execute(ThrowableCollector.java:73)
	at org.junit.platform.engine.support.hierarchical.NodeTestTask.executeRecursively(NodeTestTask.java:138)
	at org.junit.platform.engine.support.hierarchical.NodeTestTask.execute(NodeTestTask.java:95)
	at org.junit.platform.engine.support.hierarchical.SameThreadHierarchicalTestExecutorService.submit(SameThreadHierarchicalTestExecutorService.java:35)
	at org.junit.platform.engine.support.hierarchical.HierarchicalTestExecutor.execute(HierarchicalTestExecutor.java:57)
	at org.junit.platform.engine.support.hierarchical.HierarchicalTestEngine.execute(HierarchicalTestEngine.java:54)
	at org.junit.platform.launcher.core.EngineExecutionOrchestrator.execute(EngineExecutionOrchestrator.java:108)
	at org.junit.platform.launcher.core.EngineExecutionOrchestrator.execute(EngineExecutionOrchestrator.java:88)
	at org.junit.platform.launcher.core.EngineExecutionOrchestrator.lambda$execute$0(EngineExecutionOrchestrator.java:54)
	at org.junit.platform.launcher.core.EngineExecutionOrchestrator.withInterceptedStreams(EngineExecutionOrchestrator.java:67)
	at org.junit.platform.launcher.core.EngineExecutionOrchestrator.execute(EngineExecutionOrchestrator.java:52)
	at org.junit.platform.launcher.core.DefaultLauncher.execute(DefaultLauncher.java:96)
	at org.junit.platform.launcher.core.DefaultLauncher.execute(DefaultLauncher.java:75)
	at org.gradle.api.internal.tasks.testing.junitplatform.JUnitPlatformTestClassProcessor$CollectAllTestClassesExecutor.processAllTestClasses(JUnitPlatformTestClassProcessor.java:99)
	at org.gradle.api.internal.tasks.testing.junitplatform.JUnitPlatformTestClassProcessor$CollectAllTestClassesExecutor.access$000(JUnitPlatformTestClassProcessor.java:79)
	at org.gradle.api.internal.tasks.testing.junitplatform.JUnitPlatformTestClassProcessor.stop(JUnitPlatformTestClassProcessor.java:75)
	at org.gradle.api.internal.tasks.testing.SuiteTestClassProcessor.stop(SuiteTestClassProcessor.java:61)
	at java.base/jdk.internal.reflect.NativeMethodAccessorImpl.invoke0(Native Method)
	at java.base/jdk.internal.reflect.NativeMethodAccessorImpl.invoke(NativeMethodAccessorImpl.java:62)
	at java.base/jdk.internal.reflect.DelegatingMethodAccessorImpl.invoke(DelegatingMethodAccessorImpl.java:43)
	at java.base/java.lang.reflect.Method.invoke(Method.java:566)
	at org.gradle.internal.dispatch.ReflectionDispatch.dispatch(ReflectionDispatch.java:36)
	at org.gradle.internal.dispatch.ReflectionDispatch.dispatch(ReflectionDispatch.java:24)
	at org.gradle.internal.dispatch.ContextClassLoaderDispatch.dispatch(ContextClassLoaderDispatch.java:33)
	at org.gradle.internal.dispatch.ProxyDispatchAdapter$DispatchingInvocationHandler.invoke(ProxyDispatchAdapter.java:94)
	at com.sun.proxy.$Proxy2.stop(Unknown Source)
	at org.gradle.api.internal.tasks.testing.worker.TestWorker.stop(TestWorker.java:133)
	at java.base/jdk.internal.reflect.NativeMethodAccessorImpl.invoke0(Native Method)
	at java.base/jdk.internal.reflect.NativeMethodAccessorImpl.invoke(NativeMethodAccessorImpl.java:62)
	at java.base/jdk.internal.reflect.DelegatingMethodAccessorImpl.invoke(DelegatingMethodAccessorImpl.java:43)
	at java.base/java.lang.reflect.Method.invoke(Method.java:566)
	at org.gradle.internal.dispatch.ReflectionDispatch.dispatch(ReflectionDispatch.java:36)
	at org.gradle.internal.dispatch.ReflectionDispatch.dispatch(ReflectionDispatch.java:24)
	at org.gradle.internal.remote.internal.hub.MessageHubBackedObjectConnection$DispatchWrapper.dispatch(MessageHubBackedObjectConnection.java:182)
	at org.gradle.internal.remote.internal.hub.MessageHubBackedObjectConnection$DispatchWrapper.dispatch(MessageHubBackedObjectConnection.java:164)
	at org.gradle.internal.remote.internal.hub.MessageHub$Handler.run(MessageHub.java:414)
	at org.gradle.internal.concurrent.ExecutorPolicy$CatchAndRecordFailures.onExecute(ExecutorPolicy.java:64)
	at org.gradle.internal.concurrent.ManagedExecutorImpl$1.run(ManagedExecutorImpl.java:48)
	at java.base/java.util.concurrent.ThreadPoolExecutor.runWorker(ThreadPoolExecutor.java:1128)
	at java.base/java.util.concurrent.ThreadPoolExecutor$Worker.run(ThreadPoolExecutor.java:628)
	at org.gradle.internal.concurrent.ThreadFactoryImpl$ManagedThreadRunnable.run(ThreadFactoryImpl.java:56)
	at java.base/java.lang.Thread.run(Thread.java:829)
15:13:25.828 [Test worker] DEBUG i.n.util.internal.PlatformDependent0 - java.nio.Bits.unaligned: available, true
15:13:25.831 [Test worker] DEBUG i.n.util.internal.PlatformDependent0 - jdk.internal.misc.Unsafe.allocateUninitializedArray(int): unavailable
java.lang.IllegalAccessException: class io.netty.util.internal.PlatformDependent0$7 cannot access class jdk.internal.misc.Unsafe (in module java.base) because module java.base does not export jdk.internal.misc to unnamed module @2f611fd
	at java.base/jdk.internal.reflect.Reflection.newIllegalAccessException(Reflection.java:361)
	at java.base/java.lang.reflect.AccessibleObject.checkAccess(AccessibleObject.java:591)
	at java.base/java.lang.reflect.Method.invoke(Method.java:558)
	at io.netty.util.internal.PlatformDependent0$7.run(PlatformDependent0.java:410)
	at java.base/java.security.AccessController.doPrivileged(Native Method)
	at io.netty.util.internal.PlatformDependent0.<clinit>(PlatformDependent0.java:401)
	at io.netty.util.internal.PlatformDependent.isAndroid(PlatformDependent.java:333)
	at io.netty.util.internal.PlatformDependent.<clinit>(PlatformDependent.java:88)
	at io.netty.util.AsciiString.<init>(AsciiString.java:223)
	at io.netty.util.AsciiString.<init>(AsciiString.java:210)
	at io.netty.util.AsciiString.cached(AsciiString.java:1401)
	at io.netty.util.AsciiString.<clinit>(AsciiString.java:48)
	at io.grpc.netty.Utils.<clinit>(Utils.java:78)
	at io.grpc.netty.UdsNettyChannelProvider.isAvailable(UdsNettyChannelProvider.java:34)
	at io.grpc.ManagedChannelRegistry$ManagedChannelPriorityAccessor.isAvailable(ManagedChannelRegistry.java:213)
	at io.grpc.ManagedChannelRegistry$ManagedChannelPriorityAccessor.isAvailable(ManagedChannelRegistry.java:209)
	at io.grpc.ServiceProviders.loadAll(ServiceProviders.java:68)
	at io.grpc.ManagedChannelRegistry.getDefaultRegistry(ManagedChannelRegistry.java:101)
	at io.grpc.ManagedChannelProvider.provider(ManagedChannelProvider.java:43)
	at io.grpc.ManagedChannelBuilder.forTarget(ManagedChannelBuilder.java:76)
	at io.pact.plugins.jvm.core.DefaultPluginManager$tryInitPlugin$1.invoke(PluginManager.kt:768)
	at io.pact.plugins.jvm.core.Utils.handleWith(Util.kt:42)
	at io.pact.plugins.jvm.core.DefaultPluginManager.tryInitPlugin(PluginManager.kt:767)
	at io.pact.plugins.jvm.core.DefaultPluginManager.initialisePlugin(PluginManager.kt:750)
	at io.pact.plugins.jvm.core.DefaultPluginManager.loadPlugin(PluginManager.kt:373)
	at au.com.dius.pact.provider.junit5.PluginTestTarget.prepareVerifier(PluginTestTarget.kt:111)
	at au.com.dius.pact.provider.junit5.PactVerificationExtension.prepareVerifier(PactVerificationExtension.kt:144)
	at au.com.dius.pact.provider.junit5.PactVerificationExtension.beforeTestExecution(PactVerificationExtension.kt:119)
	at org.junit.jupiter.engine.descriptor.TestMethodTestDescriptor.lambda$invokeBeforeTestExecutionCallbacks$5(TestMethodTestDescriptor.java:191)
	at org.junit.jupiter.engine.descriptor.TestMethodTestDescriptor.lambda$invokeBeforeMethodsOrCallbacksUntilExceptionOccurs$6(TestMethodTestDescriptor.java:202)
	at org.junit.platform.engine.support.hierarchical.ThrowableCollector.execute(ThrowableCollector.java:73)
	at org.junit.jupiter.engine.descriptor.TestMethodTestDescriptor.invokeBeforeMethodsOrCallbacksUntilExceptionOccurs(TestMethodTestDescriptor.java:202)
	at org.junit.jupiter.engine.descriptor.TestMethodTestDescriptor.invokeBeforeTestExecutionCallbacks(TestMethodTestDescriptor.java:190)
	at org.junit.jupiter.engine.descriptor.TestMethodTestDescriptor.execute(TestMethodTestDescriptor.java:136)
	at org.junit.jupiter.engine.descriptor.TestMethodTestDescriptor.execute(TestMethodTestDescriptor.java:68)
	at org.junit.platform.engine.support.hierarchical.NodeTestTask.lambda$executeRecursively$6(NodeTestTask.java:151)
	at org.junit.platform.engine.support.hierarchical.ThrowableCollector.execute(ThrowableCollector.java:73)
	at org.junit.platform.engine.support.hierarchical.NodeTestTask.lambda$executeRecursively$8(NodeTestTask.java:141)
	at org.junit.platform.engine.support.hierarchical.Node.around(Node.java:137)
	at org.junit.platform.engine.support.hierarchical.NodeTestTask.lambda$executeRecursively$9(NodeTestTask.java:139)
	at org.junit.platform.engine.support.hierarchical.ThrowableCollector.execute(ThrowableCollector.java:73)
	at org.junit.platform.engine.support.hierarchical.NodeTestTask.executeRecursively(NodeTestTask.java:138)
	at org.junit.platform.engine.support.hierarchical.NodeTestTask.execute(NodeTestTask.java:95)
	at org.junit.platform.engine.support.hierarchical.SameThreadHierarchicalTestExecutorService.submit(SameThreadHierarchicalTestExecutorService.java:35)
	at org.junit.platform.engine.support.hierarchical.NodeTestTask$DefaultDynamicTestExecutor.execute(NodeTestTask.java:226)
	at org.junit.platform.engine.support.hierarchical.NodeTestTask$DefaultDynamicTestExecutor.execute(NodeTestTask.java:204)
	at org.junit.jupiter.engine.descriptor.TestTemplateTestDescriptor.execute(TestTemplateTestDescriptor.java:142)
	at org.junit.jupiter.engine.descriptor.TestTemplateTestDescriptor.lambda$execute$2(TestTemplateTestDescriptor.java:110)
	at java.base/java.util.stream.ForEachOps$ForEachOp$OfRef.accept(ForEachOps.java:183)
	at java.base/java.util.stream.ReferencePipeline$3$1.accept(ReferencePipeline.java:195)
	at java.base/java.util.stream.ReferencePipeline$2$1.accept(ReferencePipeline.java:177)
	at java.base/java.util.stream.ReferencePipeline$3$1.accept(ReferencePipeline.java:195)
	at java.base/java.util.ArrayList$ArrayListSpliterator.forEachRemaining(ArrayList.java:1655)
	at java.base/java.util.stream.ReferencePipeline$Head.forEach(ReferencePipeline.java:658)
	at java.base/java.util.stream.ReferencePipeline$7$1.accept(ReferencePipeline.java:274)
	at java.base/java.util.ArrayList$ArrayListSpliterator.forEachRemaining(ArrayList.java:1655)
	at java.base/java.util.stream.AbstractPipeline.copyInto(AbstractPipeline.java:484)
	at java.base/java.util.stream.AbstractPipeline.wrapAndCopyInto(AbstractPipeline.java:474)
	at java.base/java.util.stream.ForEachOps$ForEachOp.evaluateSequential(ForEachOps.java:150)
	at java.base/java.util.stream.ForEachOps$ForEachOp$OfRef.evaluateSequential(ForEachOps.java:173)
	at java.base/java.util.stream.AbstractPipeline.evaluate(AbstractPipeline.java:234)
	at java.base/java.util.stream.ReferencePipeline.forEach(ReferencePipeline.java:497)
	at org.junit.jupiter.engine.descriptor.TestTemplateTestDescriptor.execute(TestTemplateTestDescriptor.java:110)
	at org.junit.jupiter.engine.descriptor.TestTemplateTestDescriptor.execute(TestTemplateTestDescriptor.java:44)
	at org.junit.platform.engine.support.hierarchical.NodeTestTask.lambda$executeRecursively$6(NodeTestTask.java:151)
	at org.junit.platform.engine.support.hierarchical.ThrowableCollector.execute(ThrowableCollector.java:73)
	at org.junit.platform.engine.support.hierarchical.NodeTestTask.lambda$executeRecursively$8(NodeTestTask.java:141)
	at org.junit.platform.engine.support.hierarchical.Node.around(Node.java:137)
	at org.junit.platform.engine.support.hierarchical.NodeTestTask.lambda$executeRecursively$9(NodeTestTask.java:139)
	at org.junit.platform.engine.support.hierarchical.ThrowableCollector.execute(ThrowableCollector.java:73)
	at org.junit.platform.engine.support.hierarchical.NodeTestTask.executeRecursively(NodeTestTask.java:138)
	at org.junit.platform.engine.support.hierarchical.NodeTestTask.execute(NodeTestTask.java:95)
	at java.base/java.util.ArrayList.forEach(ArrayList.java:1541)
	at org.junit.platform.engine.support.hierarchical.SameThreadHierarchicalTestExecutorService.invokeAll(SameThreadHierarchicalTestExecutorService.java:41)
	at org.junit.platform.engine.support.hierarchical.NodeTestTask.lambda$executeRecursively$6(NodeTestTask.java:155)
	at org.junit.platform.engine.support.hierarchical.ThrowableCollector.execute(ThrowableCollector.java:73)
	at org.junit.platform.engine.support.hierarchical.NodeTestTask.lambda$executeRecursively$8(NodeTestTask.java:141)
	at org.junit.platform.engine.support.hierarchical.Node.around(Node.java:137)
	at org.junit.platform.engine.support.hierarchical.NodeTestTask.lambda$executeRecursively$9(NodeTestTask.java:139)
	at org.junit.platform.engine.support.hierarchical.ThrowableCollector.execute(ThrowableCollector.java:73)
	at org.junit.platform.engine.support.hierarchical.NodeTestTask.executeRecursively(NodeTestTask.java:138)
	at org.junit.platform.engine.support.hierarchical.NodeTestTask.execute(NodeTestTask.java:95)
	at java.base/java.util.ArrayList.forEach(ArrayList.java:1541)
	at org.junit.platform.engine.support.hierarchical.SameThreadHierarchicalTestExecutorService.invokeAll(SameThreadHierarchicalTestExecutorService.java:41)
	at org.junit.platform.engine.support.hierarchical.NodeTestTask.lambda$executeRecursively$6(NodeTestTask.java:155)
	at org.junit.platform.engine.support.hierarchical.ThrowableCollector.execute(ThrowableCollector.java:73)
	at org.junit.platform.engine.support.hierarchical.NodeTestTask.lambda$executeRecursively$8(NodeTestTask.java:141)
	at org.junit.platform.engine.support.hierarchical.Node.around(Node.java:137)
	at org.junit.platform.engine.support.hierarchical.NodeTestTask.lambda$executeRecursively$9(NodeTestTask.java:139)
	at org.junit.platform.engine.support.hierarchical.ThrowableCollector.execute(ThrowableCollector.java:73)
	at org.junit.platform.engine.support.hierarchical.NodeTestTask.executeRecursively(NodeTestTask.java:138)
	at org.junit.platform.engine.support.hierarchical.NodeTestTask.execute(NodeTestTask.java:95)
	at org.junit.platform.engine.support.hierarchical.SameThreadHierarchicalTestExecutorService.submit(SameThreadHierarchicalTestExecutorService.java:35)
	at org.junit.platform.engine.support.hierarchical.HierarchicalTestExecutor.execute(HierarchicalTestExecutor.java:57)
	at org.junit.platform.engine.support.hierarchical.HierarchicalTestEngine.execute(HierarchicalTestEngine.java:54)
	at org.junit.platform.launcher.core.EngineExecutionOrchestrator.execute(EngineExecutionOrchestrator.java:108)
	at org.junit.platform.launcher.core.EngineExecutionOrchestrator.execute(EngineExecutionOrchestrator.java:88)
	at org.junit.platform.launcher.core.EngineExecutionOrchestrator.lambda$execute$0(EngineExecutionOrchestrator.java:54)
	at org.junit.platform.launcher.core.EngineExecutionOrchestrator.withInterceptedStreams(EngineExecutionOrchestrator.java:67)
	at org.junit.platform.launcher.core.EngineExecutionOrchestrator.execute(EngineExecutionOrchestrator.java:52)
	at org.junit.platform.launcher.core.DefaultLauncher.execute(DefaultLauncher.java:96)
	at org.junit.platform.launcher.core.DefaultLauncher.execute(DefaultLauncher.java:75)
	at org.gradle.api.internal.tasks.testing.junitplatform.JUnitPlatformTestClassProcessor$CollectAllTestClassesExecutor.processAllTestClasses(JUnitPlatformTestClassProcessor.java:99)
	at org.gradle.api.internal.tasks.testing.junitplatform.JUnitPlatformTestClassProcessor$CollectAllTestClassesExecutor.access$000(JUnitPlatformTestClassProcessor.java:79)
	at org.gradle.api.internal.tasks.testing.junitplatform.JUnitPlatformTestClassProcessor.stop(JUnitPlatformTestClassProcessor.java:75)
	at org.gradle.api.internal.tasks.testing.SuiteTestClassProcessor.stop(SuiteTestClassProcessor.java:61)
	at java.base/jdk.internal.reflect.NativeMethodAccessorImpl.invoke0(Native Method)
	at java.base/jdk.internal.reflect.NativeMethodAccessorImpl.invoke(NativeMethodAccessorImpl.java:62)
	at java.base/jdk.internal.reflect.DelegatingMethodAccessorImpl.invoke(DelegatingMethodAccessorImpl.java:43)
	at java.base/java.lang.reflect.Method.invoke(Method.java:566)
	at org.gradle.internal.dispatch.ReflectionDispatch.dispatch(ReflectionDispatch.java:36)
	at org.gradle.internal.dispatch.ReflectionDispatch.dispatch(ReflectionDispatch.java:24)
	at org.gradle.internal.dispatch.ContextClassLoaderDispatch.dispatch(ContextClassLoaderDispatch.java:33)
	at org.gradle.internal.dispatch.ProxyDispatchAdapter$DispatchingInvocationHandler.invoke(ProxyDispatchAdapter.java:94)
	at com.sun.proxy.$Proxy2.stop(Unknown Source)
	at org.gradle.api.internal.tasks.testing.worker.TestWorker.stop(TestWorker.java:133)
	at java.base/jdk.internal.reflect.NativeMethodAccessorImpl.invoke0(Native Method)
	at java.base/jdk.internal.reflect.NativeMethodAccessorImpl.invoke(NativeMethodAccessorImpl.java:62)
	at java.base/jdk.internal.reflect.DelegatingMethodAccessorImpl.invoke(DelegatingMethodAccessorImpl.java:43)
	at java.base/java.lang.reflect.Method.invoke(Method.java:566)
	at org.gradle.internal.dispatch.ReflectionDispatch.dispatch(ReflectionDispatch.java:36)
	at org.gradle.internal.dispatch.ReflectionDispatch.dispatch(ReflectionDispatch.java:24)
	at org.gradle.internal.remote.internal.hub.MessageHubBackedObjectConnection$DispatchWrapper.dispatch(MessageHubBackedObjectConnection.java:182)
	at org.gradle.internal.remote.internal.hub.MessageHubBackedObjectConnection$DispatchWrapper.dispatch(MessageHubBackedObjectConnection.java:164)
	at org.gradle.internal.remote.internal.hub.MessageHub$Handler.run(MessageHub.java:414)
	at org.gradle.internal.concurrent.ExecutorPolicy$CatchAndRecordFailures.onExecute(ExecutorPolicy.java:64)
	at org.gradle.internal.concurrent.ManagedExecutorImpl$1.run(ManagedExecutorImpl.java:48)
	at java.base/java.util.concurrent.ThreadPoolExecutor.runWorker(ThreadPoolExecutor.java:1128)
	at java.base/java.util.concurrent.ThreadPoolExecutor$Worker.run(ThreadPoolExecutor.java:628)
	at org.gradle.internal.concurrent.ThreadFactoryImpl$ManagedThreadRunnable.run(ThreadFactoryImpl.java:56)
	at java.base/java.lang.Thread.run(Thread.java:829)
15:13:25.836 [Test worker] DEBUG i.n.util.internal.PlatformDependent0 - java.nio.DirectByteBuffer.<init>(long, int): unavailable
15:13:25.837 [Test worker] DEBUG i.n.util.internal.PlatformDependent - sun.misc.Unsafe: available
15:13:25.838 [Test worker] DEBUG i.n.util.internal.PlatformDependent - maxDirectMemory: 536870912 bytes (maybe)
15:13:25.839 [Test worker] DEBUG i.n.util.internal.PlatformDependent - -Dio.netty.tmpdir: /var/folders/0k/s_yng38s48z2w619fzthnfnh0000gn/T (java.io.tmpdir)
15:13:25.839 [Test worker] DEBUG i.n.util.internal.PlatformDependent - -Dio.netty.bitMode: 64 (sun.arch.data.model)
15:13:25.839 [Test worker] DEBUG i.n.util.internal.PlatformDependent - Platform: MacOS
15:13:25.841 [Test worker] DEBUG i.n.util.internal.PlatformDependent - -Dio.netty.maxDirectMemory: -1 bytes
15:13:25.841 [Test worker] DEBUG i.n.util.internal.PlatformDependent - -Dio.netty.uninitializedArrayAllocationThreshold: -1
15:13:25.843 [Test worker] DEBUG io.netty.util.internal.CleanerJava9 - java.nio.ByteBuffer.cleaner(): available
15:13:25.843 [Test worker] DEBUG i.n.util.internal.PlatformDependent - -Dio.netty.noPreferDirect: false
15:13:25.895 [Thread-4] DEBUG o.a.h.c.h.i.c.InternalHttpClient - ex-0000000001 preparing request execution
15:13:25.906 [Thread-4] DEBUG o.a.h.c.h.protocol.RequestAddCookies - ex-0000000001 Cookie spec selected: strict
15:13:25.912 [Thread-4] DEBUG o.a.h.c.h.protocol.RequestAuthCache - ex-0000000001 Auth cache not set in the context
15:13:25.913 [Thread-4] DEBUG o.a.h.c.h.impl.classic.ProtocolExec - ex-0000000001 target auth state: UNCHALLENGED
15:13:25.913 [Thread-4] DEBUG o.a.h.c.h.impl.classic.ProtocolExec - ex-0000000001 proxy auth state: UNCHALLENGED
15:13:25.914 [Thread-4] DEBUG o.a.h.c.h.impl.classic.ConnectExec - ex-0000000001 acquiring connection with route {s}->https://www.google-analytics.com:443
15:13:25.914 [Thread-4] DEBUG o.a.h.c.h.i.c.InternalHttpClient - ex-0000000001 acquiring endpoint (3 MINUTES)
15:13:25.915 [Thread-4] DEBUG o.a.h.c.h.i.i.PoolingHttpClientConnectionManager - ex-0000000001 endpoint lease request (3 MINUTES) [route: {s}->https://www.google-analytics.com:443][total available: 0; route allocated: 0 of 100; total allocated: 0 of 200]
15:13:25.938 [Thread-4] DEBUG o.a.h.c.h.i.i.PoolingHttpClientConnectionManager - ex-0000000001 endpoint leased [route: {s}->https://www.google-analytics.com:443][total available: 0; route allocated: 1 of 100; total allocated: 1 of 200]
15:13:25.959 [Thread-4] DEBUG o.a.h.c.h.i.i.PoolingHttpClientConnectionManager - ex-0000000001 acquired ep-0000000000
15:13:25.959 [Thread-4] DEBUG o.a.h.c.h.i.c.InternalHttpClient - ex-0000000001 acquired endpoint ep-0000000000
15:13:25.959 [Thread-4] DEBUG o.a.h.c.h.impl.classic.ConnectExec - ex-0000000001 opening connection {s}->https://www.google-analytics.com:443
15:13:25.960 [Thread-4] DEBUG o.a.h.c.h.i.c.InternalHttpClient - ep-0000000000 connecting endpoint (3 MINUTES)
15:13:25.960 [Thread-4] DEBUG o.a.h.c.h.i.i.PoolingHttpClientConnectionManager - ep-0000000000 connecting endpoint to https://www.google-analytics.com:443 (3 MINUTES)
15:13:25.983 [Thread-4] DEBUG o.a.h.c.h.i.i.DefaultHttpClientConnectionOperator - http-outgoing-0 connecting to www.google-analytics.com/142.250.183.142:443
15:13:25.983 [Thread-4] DEBUG o.a.h.c.h.s.SSLConnectionSocketFactory - Connecting socket to www.google-analytics.com/142.250.183.142:443 with timeout 3 MINUTES
15:13:26.007 [Test worker] DEBUG i.n.c.MultithreadEventLoopGroup - -Dio.netty.eventLoopThreads: 24
15:13:26.027 [Thread-4] DEBUG o.a.h.c.h.s.SSLConnectionSocketFactory - Enabled protocols: [TLSv1.3, TLSv1.2]
15:13:26.027 [Thread-4] DEBUG o.a.h.c.h.s.SSLConnectionSocketFactory - Enabled cipher suites: [TLS_AES_256_GCM_SHA384, TLS_AES_128_GCM_SHA256, TLS_CHACHA20_POLY1305_SHA256, TLS_ECDHE_ECDSA_WITH_AES_256_GCM_SHA384, TLS_ECDHE_ECDSA_WITH_AES_128_GCM_SHA256, TLS_ECDHE_ECDSA_WITH_CHACHA20_POLY1305_SHA256, TLS_ECDHE_RSA_WITH_AES_256_GCM_SHA384, TLS_ECDHE_RSA_WITH_CHACHA20_POLY1305_SHA256, TLS_ECDHE_RSA_WITH_AES_128_GCM_SHA256, TLS_DHE_RSA_WITH_AES_256_GCM_SHA384, TLS_DHE_RSA_WITH_CHACHA20_POLY1305_SHA256, TLS_DHE_DSS_WITH_AES_256_GCM_SHA384, TLS_DHE_RSA_WITH_AES_128_GCM_SHA256, TLS_DHE_DSS_WITH_AES_128_GCM_SHA256, TLS_ECDHE_ECDSA_WITH_AES_256_CBC_SHA384, TLS_ECDHE_RSA_WITH_AES_256_CBC_SHA384, TLS_ECDHE_ECDSA_WITH_AES_128_CBC_SHA256, TLS_ECDHE_RSA_WITH_AES_128_CBC_SHA256, TLS_DHE_RSA_WITH_AES_256_CBC_SHA256, TLS_DHE_DSS_WITH_AES_256_CBC_SHA256, TLS_DHE_RSA_WITH_AES_128_CBC_SHA256, TLS_DHE_DSS_WITH_AES_128_CBC_SHA256, TLS_ECDH_ECDSA_WITH_AES_256_GCM_SHA384, TLS_ECDH_RSA_WITH_AES_256_GCM_SHA384, TLS_ECDH_ECDSA_WITH_AES_128_GCM_SHA256, TLS_ECDH_RSA_WITH_AES_128_GCM_SHA256, TLS_ECDH_ECDSA_WITH_AES_256_CBC_SHA384, TLS_ECDH_RSA_WITH_AES_256_CBC_SHA384, TLS_ECDH_ECDSA_WITH_AES_128_CBC_SHA256, TLS_ECDH_RSA_WITH_AES_128_CBC_SHA256, TLS_ECDHE_ECDSA_WITH_AES_256_CBC_SHA, TLS_ECDHE_RSA_WITH_AES_256_CBC_SHA, TLS_ECDHE_ECDSA_WITH_AES_128_CBC_SHA, TLS_ECDHE_RSA_WITH_AES_128_CBC_SHA, TLS_DHE_RSA_WITH_AES_256_CBC_SHA, TLS_DHE_DSS_WITH_AES_256_CBC_SHA, TLS_DHE_RSA_WITH_AES_128_CBC_SHA, TLS_DHE_DSS_WITH_AES_128_CBC_SHA, TLS_ECDH_ECDSA_WITH_AES_256_CBC_SHA, TLS_ECDH_RSA_WITH_AES_256_CBC_SHA, TLS_ECDH_ECDSA_WITH_AES_128_CBC_SHA, TLS_ECDH_RSA_WITH_AES_128_CBC_SHA, TLS_RSA_WITH_AES_256_GCM_SHA384, TLS_RSA_WITH_AES_128_GCM_SHA256, TLS_RSA_WITH_AES_256_CBC_SHA256, TLS_RSA_WITH_AES_128_CBC_SHA256, TLS_RSA_WITH_AES_256_CBC_SHA, TLS_RSA_WITH_AES_128_CBC_SHA, TLS_EMPTY_RENEGOTIATION_INFO_SCSV]
15:13:26.028 [Thread-4] DEBUG o.a.h.c.h.s.SSLConnectionSocketFactory - Starting handshake
15:13:26.032 [Test worker] DEBUG i.n.u.i.InternalThreadLocalMap - -Dio.netty.threadLocalMap.stringBuilder.initialSize: 1024
15:13:26.033 [Test worker] DEBUG i.n.u.i.InternalThreadLocalMap - -Dio.netty.threadLocalMap.stringBuilder.maxSize: 4096
15:13:26.049 [Test worker] DEBUG io.netty.channel.nio.NioEventLoop - -Dio.netty.noKeySetOptimization: false
15:13:26.049 [Test worker] DEBUG io.netty.channel.nio.NioEventLoop - -Dio.netty.selectorAutoRebuildThreshold: 512
15:13:26.060 [Test worker] DEBUG i.n.util.internal.PlatformDependent - org.jctools-core.MpscChunkedArrayQueue: available
15:13:26.064 [Test worker] TRACE io.netty.channel.nio.NioEventLoop - instrumented a special java.util.Set into: sun.nio.ch.KQueueSelectorImpl@5e292089
15:13:26.065 [Test worker] TRACE io.netty.channel.nio.NioEventLoop - instrumented a special java.util.Set into: sun.nio.ch.KQueueSelectorImpl@1d12370c
15:13:26.065 [Test worker] TRACE io.netty.channel.nio.NioEventLoop - instrumented a special java.util.Set into: sun.nio.ch.KQueueSelectorImpl@1713a840
15:13:26.065 [Test worker] TRACE io.netty.channel.nio.NioEventLoop - instrumented a special java.util.Set into: sun.nio.ch.KQueueSelectorImpl@e557177
15:13:26.066 [Test worker] TRACE io.netty.channel.nio.NioEventLoop - instrumented a special java.util.Set into: sun.nio.ch.KQueueSelectorImpl@523620d5
15:13:26.066 [Test worker] TRACE io.netty.channel.nio.NioEventLoop - instrumented a special java.util.Set into: sun.nio.ch.KQueueSelectorImpl@5e90c7c8
15:13:26.066 [Test worker] TRACE io.netty.channel.nio.NioEventLoop - instrumented a special java.util.Set into: sun.nio.ch.KQueueSelectorImpl@54cb25f2
15:13:26.066 [Test worker] TRACE io.netty.channel.nio.NioEventLoop - instrumented a special java.util.Set into: sun.nio.ch.KQueueSelectorImpl@713028d5
15:13:26.066 [Test worker] TRACE io.netty.channel.nio.NioEventLoop - instrumented a special java.util.Set into: sun.nio.ch.KQueueSelectorImpl@12638eae
15:13:26.067 [Test worker] TRACE io.netty.channel.nio.NioEventLoop - instrumented a special java.util.Set into: sun.nio.ch.KQueueSelectorImpl@4a95b5ad
15:13:26.067 [Test worker] TRACE io.netty.channel.nio.NioEventLoop - instrumented a special java.util.Set into: sun.nio.ch.KQueueSelectorImpl@47fcfdb8
15:13:26.067 [Test worker] TRACE io.netty.channel.nio.NioEventLoop - instrumented a special java.util.Set into: sun.nio.ch.KQueueSelectorImpl@37fa0312
15:13:26.811 [Thread-4] DEBUG o.a.h.c.h.s.SSLConnectionSocketFactory - Secure session established
15:13:26.811 [Thread-4] DEBUG o.a.h.c.h.s.SSLConnectionSocketFactory -  negotiated protocol: TLSv1.3
15:13:26.811 [Thread-4] DEBUG o.a.h.c.h.s.SSLConnectionSocketFactory -  negotiated cipher suite: TLS_AES_256_GCM_SHA384
15:13:26.811 [Thread-4] DEBUG o.a.h.c.h.s.SSLConnectionSocketFactory -  peer principal: CN=*.google-analytics.com
15:13:26.812 [Thread-4] DEBUG o.a.h.c.h.s.SSLConnectionSocketFactory -  peer alternative names: [*.google-analytics.com, region1.app-measurement.com, app-measurement.com, google-analytics.com, region1.google-analytics.com, ssl.google-analytics.com, www.google-analytics.com, region1.analytics.google.com, googletagmanager.com, www.googletagmanager.com, urchin.com, service.urchin.com, fps.goog, *.fps.goog, googleoptimize.com, www.googleoptimize.com]
15:13:26.812 [Thread-4] DEBUG o.a.h.c.h.s.SSLConnectionSocketFactory -  issuer principal: CN=GTS CA 1C3, O=Google Trust Services LLC, C=US
15:13:26.815 [Thread-4] DEBUG o.a.h.c.h.i.i.DefaultHttpClientConnectionOperator - http-outgoing-0 connection established 192.168.29.155:54372<->142.250.183.142:443
15:13:26.818 [Thread-4] DEBUG o.a.h.c.h.i.i.PoolingHttpClientConnectionManager - ep-0000000000 connected http-outgoing-0
15:13:26.818 [Thread-4] DEBUG o.a.h.c.h.i.c.InternalHttpClient - ep-0000000000 endpoint connected
15:13:26.819 [Thread-4] DEBUG o.a.h.c.h.i.classic.MainClientExec - ex-0000000001 executing POST /collect HTTP/1.1
15:13:26.820 [Thread-4] DEBUG o.a.h.c.h.i.c.InternalHttpClient - ep-0000000000 start execution ex-0000000001
15:13:26.820 [Thread-4] DEBUG o.a.h.c.h.i.i.PoolingHttpClientConnectionManager - ep-0000000000 executing exchange ex-0000000001 over http-outgoing-0
15:13:26.822 [Thread-4] DEBUG org.apache.hc.client5.http.headers - http-outgoing-0 >> POST /collect HTTP/1.1
15:13:26.822 [Thread-4] DEBUG org.apache.hc.client5.http.headers - http-outgoing-0 >> Accept-Encoding: gzip, x-gzip, deflate
15:13:26.822 [Thread-4] DEBUG org.apache.hc.client5.http.headers - http-outgoing-0 >> Content-Length: 253
15:13:26.822 [Thread-4] DEBUG org.apache.hc.client5.http.headers - http-outgoing-0 >> Content-Type: application/x-www-form-urlencoded; charset=ISO-8859-1
15:13:26.822 [Thread-4] DEBUG org.apache.hc.client5.http.headers - http-outgoing-0 >> Host: www.google-analytics.com
15:13:26.823 [Thread-4] DEBUG org.apache.hc.client5.http.headers - http-outgoing-0 >> Connection: keep-alive
15:13:26.823 [Thread-4] DEBUG org.apache.hc.client5.http.headers - http-outgoing-0 >> User-Agent: Apache-HttpClient/5.1.3 (Java/11.0.13)
15:13:26.824 [Thread-4] DEBUG org.apache.hc.client5.http.wire - http-outgoing-0 >> "POST /collect HTTP/1.1[\r][\n]"
15:13:26.824 [Thread-4] DEBUG org.apache.hc.client5.http.wire - http-outgoing-0 >> "Accept-Encoding: gzip, x-gzip, deflate[\r][\n]"
15:13:26.824 [Thread-4] DEBUG org.apache.hc.client5.http.wire - http-outgoing-0 >> "Content-Length: 253[\r][\n]"
15:13:26.824 [Thread-4] DEBUG org.apache.hc.client5.http.wire - http-outgoing-0 >> "Content-Type: application/x-www-form-urlencoded; charset=ISO-8859-1[\r][\n]"
15:13:26.825 [Thread-4] DEBUG org.apache.hc.client5.http.wire - http-outgoing-0 >> "Host: www.google-analytics.com[\r][\n]"
15:13:26.825 [Thread-4] DEBUG org.apache.hc.client5.http.wire - http-outgoing-0 >> "Connection: keep-alive[\r][\n]"
15:13:26.825 [Thread-4] DEBUG org.apache.hc.client5.http.wire - http-outgoing-0 >> "User-Agent: Apache-HttpClient/5.1.3 (Java/11.0.13)[\r][\n]"
15:13:26.825 [Thread-4] DEBUG org.apache.hc.client5.http.wire - http-outgoing-0 >> "[\r][\n]"
15:13:26.825 [Thread-4] DEBUG org.apache.hc.client5.http.wire - http-outgoing-0 >> "v=1&t=event&tid=UA-117778936-1&cid=e5055a8685601fcd821493daacce8417&an=pact-plugins-jvm&aid=pact-plugins-jvm&av=0.1.8&aip=true&ds=client&cd2=unknown&cd3=mac+os+x-x86_64&cd4=protobuf&cd5=0.1.5&cd7=11.0.13%2B8-LTS&el=Plugin+loaded&ec=Plugin&ea=Loaded&ev=1"
15:13:26.914 [Thread-4] DEBUG org.apache.hc.client5.http.wire - http-outgoing-0 << "HTTP/1.1 200 OK[\r][\n]"
15:13:26.914 [Thread-4] DEBUG org.apache.hc.client5.http.wire - http-outgoing-0 << "Access-Control-Allow-Origin: *[\r][\n]"
15:13:26.914 [Thread-4] DEBUG org.apache.hc.client5.http.wire - http-outgoing-0 << "Date: Mon, 27 Mar 2023 09:43:27 GMT[\r][\n]"
15:13:26.915 [Thread-4] DEBUG org.apache.hc.client5.http.wire - http-outgoing-0 << "Pragma: no-cache[\r][\n]"
15:13:26.915 [Thread-4] DEBUG org.apache.hc.client5.http.wire - http-outgoing-0 << "Expires: Fri, 01 Jan 1990 00:00:00 GMT[\r][\n]"
15:13:26.915 [Thread-4] DEBUG org.apache.hc.client5.http.wire - http-outgoing-0 << "Cache-Control: no-cache, no-store, must-revalidate[\r][\n]"
15:13:26.915 [Thread-4] DEBUG org.apache.hc.client5.http.wire - http-outgoing-0 << "Last-Modified: Sun, 17 May 1998 03:00:00 GMT[\r][\n]"
15:13:26.915 [Thread-4] DEBUG org.apache.hc.client5.http.wire - http-outgoing-0 << "X-Content-Type-Options: nosniff[\r][\n]"
15:13:26.915 [Thread-4] DEBUG org.apache.hc.client5.http.wire - http-outgoing-0 << "Content-Type: image/gif[\r][\n]"
15:13:26.915 [Thread-4] DEBUG org.apache.hc.client5.http.wire - http-outgoing-0 << "Cross-Origin-Resource-Policy: cross-origin[\r][\n]"
15:13:26.916 [Thread-4] DEBUG org.apache.hc.client5.http.wire - http-outgoing-0 << "Server: Golfe2[\r][\n]"
15:13:26.916 [Thread-4] DEBUG org.apache.hc.client5.http.wire - http-outgoing-0 << "Content-Length: 35[\r][\n]"
15:13:26.916 [Thread-4] DEBUG org.apache.hc.client5.http.wire - http-outgoing-0 << "Alt-Svc: h3=":443"; ma=2592000,h3-29=":443"; ma=2592000[\r][\n]"
15:13:26.916 [Thread-4] DEBUG org.apache.hc.client5.http.wire - http-outgoing-0 << "[\r][\n]"
15:13:26.916 [Thread-4] DEBUG org.apache.hc.client5.http.wire - http-outgoing-0 << "GIF89a[0x1][0x0][0x1][0x0][0xffffff80][0xffffffff][0x0][0xffffffff][0xffffffff][0xffffffff][0x0][0x0][0x0],[0x0][0x0][0x0][0x0][0x1][0x0][0x1][0x0][0x0][0x2][0x2]D[0x1][0x0];"
15:13:26.921 [Thread-4] DEBUG org.apache.hc.client5.http.headers - http-outgoing-0 << HTTP/1.1 200 OK
15:13:26.921 [Thread-4] DEBUG org.apache.hc.client5.http.headers - http-outgoing-0 << Access-Control-Allow-Origin: *
15:13:26.922 [Thread-4] DEBUG org.apache.hc.client5.http.headers - http-outgoing-0 << Date: Mon, 27 Mar 2023 09:43:27 GMT
15:13:26.922 [Thread-4] DEBUG org.apache.hc.client5.http.headers - http-outgoing-0 << Pragma: no-cache
15:13:26.922 [Thread-4] DEBUG org.apache.hc.client5.http.headers - http-outgoing-0 << Expires: Fri, 01 Jan 1990 00:00:00 GMT
15:13:26.922 [Thread-4] DEBUG org.apache.hc.client5.http.headers - http-outgoing-0 << Cache-Control: no-cache, no-store, must-revalidate
15:13:26.922 [Thread-4] DEBUG org.apache.hc.client5.http.headers - http-outgoing-0 << Last-Modified: Sun, 17 May 1998 03:00:00 GMT
15:13:26.922 [Thread-4] DEBUG org.apache.hc.client5.http.headers - http-outgoing-0 << X-Content-Type-Options: nosniff
15:13:26.922 [Thread-4] DEBUG org.apache.hc.client5.http.headers - http-outgoing-0 << Content-Type: image/gif
15:13:26.922 [Thread-4] DEBUG org.apache.hc.client5.http.headers - http-outgoing-0 << Cross-Origin-Resource-Policy: cross-origin
15:13:26.922 [Thread-4] DEBUG org.apache.hc.client5.http.headers - http-outgoing-0 << Server: Golfe2
15:13:26.922 [Thread-4] DEBUG org.apache.hc.client5.http.headers - http-outgoing-0 << Content-Length: 35
15:13:26.922 [Thread-4] DEBUG org.apache.hc.client5.http.headers - http-outgoing-0 << Alt-Svc: h3=":443"; ma=2592000,h3-29=":443"; ma=2592000
15:13:26.937 [Thread-4] DEBUG o.a.h.c.h.i.classic.MainClientExec - ex-0000000001 connection can be kept alive for 3 MINUTES
15:13:26.944 [Thread-4] DEBUG o.a.h.c.h.i.c.InternalHttpClient - ep-0000000000 releasing valid endpoint
15:13:26.944 [Thread-4] DEBUG o.a.h.c.h.i.i.PoolingHttpClientConnectionManager - ep-0000000000 releasing endpoint
15:13:26.944 [Thread-4] DEBUG o.a.h.c.h.i.i.PoolingHttpClientConnectionManager - ep-0000000000 connection http-outgoing-0 can be kept alive for 3 MINUTES
15:13:26.945 [Thread-4] DEBUG o.a.h.c.h.i.i.PoolingHttpClientConnectionManager - ep-0000000000 connection released [route: {s}->https://www.google-analytics.com:443][total available: 1; route allocated: 1 of 100; total allocated: 1 of 200]
15:13:26.956 [grpc-default-executor-0] DEBUG io.netty.util.ResourceLeakDetector - -Dio.netty.leakDetection.level: simple
15:13:26.956 [grpc-default-executor-0] DEBUG io.netty.util.ResourceLeakDetector - -Dio.netty.leakDetection.targetRecords: 4
15:13:26.983 [grpc-default-executor-0] DEBUG io.netty.buffer.AbstractByteBuf - -Dio.netty.buffer.checkAccessible: true
15:13:26.983 [grpc-default-executor-0] DEBUG io.netty.buffer.AbstractByteBuf - -Dio.netty.buffer.checkBounds: true
15:13:26.985 [grpc-default-executor-0] DEBUG i.n.util.ResourceLeakDetectorFactory - Loaded default ResourceLeakDetector: io.netty.util.ResourceLeakDetector@5b6da87a
15:13:27.150 [grpc-default-executor-0] DEBUG i.n.buffer.PooledByteBufAllocator - -Dio.netty.allocator.numHeapArenas: 21
15:13:27.151 [grpc-default-executor-0] DEBUG i.n.buffer.PooledByteBufAllocator - -Dio.netty.allocator.numDirectArenas: 21
15:13:27.151 [grpc-default-executor-0] DEBUG i.n.buffer.PooledByteBufAllocator - -Dio.netty.allocator.pageSize: 8192
15:13:27.151 [grpc-default-executor-0] DEBUG i.n.buffer.PooledByteBufAllocator - -Dio.netty.allocator.maxOrder: 9
15:13:27.151 [grpc-default-executor-0] DEBUG i.n.buffer.PooledByteBufAllocator - -Dio.netty.allocator.chunkSize: 4194304
15:13:27.151 [grpc-default-executor-0] DEBUG i.n.buffer.PooledByteBufAllocator - -Dio.netty.allocator.smallCacheSize: 256
15:13:27.151 [grpc-default-executor-0] DEBUG i.n.buffer.PooledByteBufAllocator - -Dio.netty.allocator.normalCacheSize: 64
15:13:27.151 [grpc-default-executor-0] DEBUG i.n.buffer.PooledByteBufAllocator - -Dio.netty.allocator.maxCachedBufferCapacity: 32768
15:13:27.151 [grpc-default-executor-0] DEBUG i.n.buffer.PooledByteBufAllocator - -Dio.netty.allocator.cacheTrimInterval: 8192
15:13:27.152 [grpc-default-executor-0] DEBUG i.n.buffer.PooledByteBufAllocator - -Dio.netty.allocator.cacheTrimIntervalMillis: 0
15:13:27.152 [grpc-default-executor-0] DEBUG i.n.buffer.PooledByteBufAllocator - -Dio.netty.allocator.useCacheForAllThreads: false
15:13:27.154 [grpc-default-executor-0] DEBUG i.n.buffer.PooledByteBufAllocator - -Dio.netty.allocator.maxCachedByteBuffersPerChunk: 1023
15:13:27.203 [grpc-default-executor-0] DEBUG io.netty.channel.DefaultChannelId - -Dio.netty.processId: 46346 (auto-detected)
15:13:27.208 [grpc-default-executor-0] DEBUG io.netty.util.NetUtil - -Djava.net.preferIPv4Stack: false
15:13:27.209 [grpc-default-executor-0] DEBUG io.netty.util.NetUtil - -Djava.net.preferIPv6Addresses: false
15:13:27.216 [grpc-default-executor-0] DEBUG io.netty.util.NetUtilInitializations - Loopback interface: lo0 (lo0, 0:0:0:0:0:0:0:1%lo0)
15:13:27.218 [grpc-default-executor-0] DEBUG io.netty.util.NetUtil - Failed to get SOMAXCONN from sysctl and file /proc/sys/net/core/somaxconn. Default: 128
15:13:27.225 [grpc-default-executor-0] DEBUG io.netty.channel.DefaultChannelId - -Dio.netty.machineId: 88:66:5a:ff:fe:23:bf:64 (auto-detected)
15:13:27.291 [grpc-default-executor-0] DEBUG io.netty.buffer.ByteBufUtil - -Dio.netty.allocator.type: pooled
15:13:27.291 [grpc-default-executor-0] DEBUG io.netty.buffer.ByteBufUtil - -Dio.netty.threadLocalDirectBufferSize: 0
15:13:27.291 [grpc-default-executor-0] DEBUG io.netty.buffer.ByteBufUtil - -Dio.netty.maxThreadLocalCharBufferSize: 16384
15:13:27.327 [grpc-default-executor-0] DEBUG io.netty.util.Recycler - -Dio.netty.recycler.maxCapacityPerThread: 4096
15:13:27.327 [grpc-default-executor-0] DEBUG io.netty.util.Recycler - -Dio.netty.recycler.ratio: 8
15:13:27.328 [grpc-default-executor-0] DEBUG io.netty.util.Recycler - -Dio.netty.recycler.chunkSize: 32
15:13:27.328 [grpc-default-executor-0] DEBUG io.netty.util.Recycler - -Dio.netty.recycler.blocking: false
15:13:27.355 [grpc-nio-worker-ELG-1-2] DEBUG io.grpc.netty.NettyClientHandler - [id: 0x9e25d4de, L:/0:0:0:0:0:0:0:1:54373 - R:/0:0:0:0:0:0:0:1:54371] OUTBOUND SETTINGS: ack=false settings={ENABLE_PUSH=0, MAX_CONCURRENT_STREAMS=0, INITIAL_WINDOW_SIZE=1048576, MAX_HEADER_LIST_SIZE=8192}
15:13:27.363 [Thread-5] DEBUG i.pact.plugins.jvm.core.ChildProcess - Plugin protobuf [46348] || ?[2m2023-03-27T09:43:27.363292Z?[0m ?[34mDEBUG?[0m tokio-runtime-worker ?[1mserver_handshake?[0m?[2m:?[0m?[1mFramedWrite::buffer?[0m?[1m{?[0m?[3mframe?[0m?[2m=?[0mSettings { flags: (0x0), initial_window_size: 1048576, max_frame_size: 16384 }?[1m}?[0m?[2m:?[0m ?[2mh2::codec::framed_write?[0m?[2m:?[0m send ?[3mframe?[0m?[2m=?[0mSettings { flags: (0x0), initial_window_size: 1048576, max_frame_size: 16384 }
15:13:27.364 [Thread-5] DEBUG i.pact.plugins.jvm.core.ChildProcess - Plugin protobuf [46348] || ?[2m2023-03-27T09:43:27.363697Z?[0m ?[35mTRACE?[0m tokio-runtime-worker ?[1mserver_handshake?[0m?[2m:?[0m?[1mFramedWrite::buffer?[0m?[1m{?[0m?[3mframe?[0m?[2m=?[0mSettings { flags: (0x0), initial_window_size: 1048576, max_frame_size: 16384 }?[1m}?[0m?[2m:?[0m ?[2mh2::frame::settings?[0m?[2m:?[0m encoding SETTINGS; len=12
15:13:27.364 [Thread-5] DEBUG i.pact.plugins.jvm.core.ChildProcess - Plugin protobuf [46348] || ?[2m2023-03-27T09:43:27.364353Z?[0m ?[35mTRACE?[0m tokio-runtime-worker ?[1mserver_handshake?[0m?[2m:?[0m?[1mFramedWrite::buffer?[0m?[1m{?[0m?[3mframe?[0m?[2m=?[0mSettings { flags: (0x0), initial_window_size: 1048576, max_frame_size: 16384 }?[1m}?[0m?[2m:?[0m ?[2mh2::frame::settings?[0m?[2m:?[0m encoding setting; val=InitialWindowSize(1048576)
15:13:27.364 [Thread-5] DEBUG i.pact.plugins.jvm.core.ChildProcess - Plugin protobuf [46348] || ?[2m2023-03-27T09:43:27.364767Z?[0m ?[35mTRACE?[0m tokio-runtime-worker ?[1mserver_handshake?[0m?[2m:?[0m?[1mFramedWrite::buffer?[0m?[1m{?[0m?[3mframe?[0m?[2m=?[0mSettings { flags: (0x0), initial_window_size: 1048576, max_frame_size: 16384 }?[1m}?[0m?[2m:?[0m ?[2mh2::frame::settings?[0m?[2m:?[0m encoding setting; val=MaxFrameSize(16384)
15:13:27.365 [Thread-5] DEBUG i.pact.plugins.jvm.core.ChildProcess - Plugin protobuf [46348] || ?[2m2023-03-27T09:43:27.364794Z?[0m ?[35mTRACE?[0m tokio-runtime-worker ?[1mserver_handshake?[0m?[2m:?[0m?[1mFramedWrite::buffer?[0m?[1m{?[0m?[3mframe?[0m?[2m=?[0mSettings { flags: (0x0), initial_window_size: 1048576, max_frame_size: 16384 }?[1m}?[0m?[2m:?[0m ?[2mh2::codec::framed_write?[0m?[2m:?[0m encoded settings ?[3mrem?[0m?[2m=?[0m21
15:13:27.365 [Thread-5] DEBUG i.pact.plugins.jvm.core.ChildProcess - Plugin protobuf [46348] || ?[2m2023-03-27T09:43:27.365724Z?[0m ?[35mTRACE?[0m tokio-runtime-worker ?[1mserver_handshake?[0m?[2m:?[0m ?[2mh2::server?[0m?[2m:?[0m ?[3mstate?[0m?[2m=?[0mFlushing(_)
15:13:27.366 [Thread-5] DEBUG i.pact.plugins.jvm.core.ChildProcess - Plugin protobuf [46348] || ?[2m2023-03-27T09:43:27.365854Z?[0m ?[35mTRACE?[0m tokio-runtime-worker ?[1mserver_handshake?[0m?[2m:?[0m?[1mflush?[0m?[2m:?[0m?[1mFramedWrite::flush?[0m?[2m:?[0m ?[2mh2::codec::framed_write?[0m?[2m:?[0m ?[3mqueued_data_frame?[0m?[2m=?[0mfalse
15:13:27.366 [Thread-5] DEBUG i.pact.plugins.jvm.core.ChildProcess - Plugin protobuf [46348] || ?[2m2023-03-27T09:43:27.365905Z?[0m ?[35mTRACE?[0m tokio-runtime-worker ?[1mserver_handshake?[0m?[2m:?[0m?[1mflush?[0m?[2m:?[0m?[1mFramedWrite::flush?[0m?[2m:?[0m ?[2mh2::codec::framed_write?[0m?[2m:?[0m flushing buffer
15:13:27.367 [Thread-5] DEBUG i.pact.plugins.jvm.core.ChildProcess - Plugin protobuf [46348] || ?[2m2023-03-27T09:43:27.367280Z?[0m ?[35mTRACE?[0m tokio-runtime-worker ?[1mserver_handshake?[0m?[2m:?[0m ?[2mh2::server?[0m?[2m:?[0m ?[3mflush.poll?[0m?[2m=?[0mReady
15:13:27.381 [grpc-nio-worker-ELG-1-2] DEBUG io.grpc.netty.NettyClientHandler - [id: 0x9e25d4de, L:/0:0:0:0:0:0:0:1:54373 - R:/0:0:0:0:0:0:0:1:54371] OUTBOUND WINDOW_UPDATE: streamId=0 windowSizeIncrement=983041
15:13:27.385 [Thread-5] DEBUG i.pact.plugins.jvm.core.ChildProcess - Plugin protobuf [46348] || ?[2m2023-03-27T09:43:27.385198Z?[0m ?[35mTRACE?[0m tokio-runtime-worker ?[1mserver_handshake?[0m?[2m:?[0m ?[2mh2::server?[0m?[2m:?[0m ?[3mstate?[0m?[2m=?[0mReadingPreface(_)
15:13:27.390 [Thread-5] DEBUG i.pact.plugins.jvm.core.ChildProcess - Plugin protobuf [46348] || ?[2m2023-03-27T09:43:27.389978Z?[0m ?[35mTRACE?[0m tokio-runtime-worker ?[1mserver_handshake?[0m?[2m:?[0m ?[2mh2::proto::streams::flow_control?[0m?[2m:?[0m inc_window; sz=65535; old=0; new=65535
15:13:27.391 [Thread-5] DEBUG i.pact.plugins.jvm.core.ChildProcess - Plugin protobuf [46348] || ?[2m2023-03-27T09:43:27.390812Z?[0m ?[35mTRACE?[0m tokio-runtime-worker ?[1mserver_handshake?[0m?[2m:?[0m ?[2mh2::proto::streams::flow_control?[0m?[2m:?[0m inc_window; sz=65535; old=0; new=65535
15:13:27.391 [Thread-5] DEBUG i.pact.plugins.jvm.core.ChildProcess - Plugin protobuf [46348] || ?[2m2023-03-27T09:43:27.391345Z?[0m ?[35mTRACE?[0m tokio-runtime-worker ?[1mserver_handshake?[0m?[2m:?[0m ?[2mh2::proto::streams::prioritize?[0m?[2m:?[0m Prioritize::new; flow=FlowControl { window_size: Window(65535), available: Window(65535) }
15:13:27.400 [Thread-5] DEBUG i.pact.plugins.jvm.core.ChildProcess - Plugin protobuf [46348] || ?[2m2023-03-27T09:43:27.400390Z?[0m ?[35mTRACE?[0m tokio-runtime-worker ?[1mserver_handshake?[0m?[2m:?[0m ?[2mh2::server?[0m?[2m:?[0m connection established!
15:13:27.401 [grpc-nio-worker-ELG-1-2] DEBUG io.grpc.netty.NettyClientHandler - [id: 0x9e25d4de, L:/0:0:0:0:0:0:0:1:54373 - R:/0:0:0:0:0:0:0:1:54371] INBOUND SETTINGS: ack=false settings={INITIAL_WINDOW_SIZE=1048576, MAX_FRAME_SIZE=16384}
15:13:27.403 [grpc-nio-worker-ELG-1-2] DEBUG io.grpc.netty.NettyClientHandler - [id: 0x9e25d4de, L:/0:0:0:0:0:0:0:1:54373 - R:/0:0:0:0:0:0:0:1:54371] OUTBOUND SETTINGS: ack=true
15:13:27.404 [Thread-5] DEBUG i.pact.plugins.jvm.core.ChildProcess - Plugin protobuf [46348] || ?[2m2023-03-27T09:43:27.403263Z?[0m ?[35mTRACE?[0m tokio-runtime-worker ?[1mserver_handshake?[0m?[2m:?[0m ?[2mh2::proto::streams::recv?[0m?[2m:?[0m set_target_connection_window; target=1048576; available=65535, reserved=0
15:13:27.405 [Thread-5] DEBUG i.pact.plugins.jvm.core.ChildProcess - Plugin protobuf [46348] || ?[2m2023-03-27T09:43:27.405206Z?[0m ?[35mTRACE?[0m tokio-runtime-worker ?[1mserver_handshake?[0m?[2m:?[0m?[1mConnection?[0m?[1m{?[0m?[3mpeer?[0m?[2m=?[0mServer?[1m}?[0m?[2m:?[0m?[1mpoll?[0m?[2m:?[0m ?[2mh2::proto::connection?[0m?[2m:?[0m ?[3mconnection.state?[0m?[2m=?[0mOpen
15:13:27.405 [Thread-5] DEBUG i.pact.plugins.jvm.core.ChildProcess - Plugin protobuf [46348] || ?[2m2023-03-27T09:43:27.405847Z?[0m ?[35mTRACE?[0m tokio-runtime-worker ?[1mserver_handshake?[0m?[2m:?[0m?[1mConnection?[0m?[1m{?[0m?[3mpeer?[0m?[2m=?[0mServer?[1m}?[0m?[2m:?[0m?[1mpoll?[0m?[2m:?[0m?[1mFramedRead::poll_next?[0m?[2m:?[0m ?[2mh2::codec::framed_read?[0m?[2m:?[0m poll
15:13:27.406 [Thread-5] DEBUG i.pact.plugins.jvm.core.ChildProcess - Plugin protobuf [46348] || ?[2m2023-03-27T09:43:27.405896Z?[0m ?[35mTRACE?[0m tokio-runtime-worker ?[1mserver_handshake?[0m?[2m:?[0m?[1mConnection?[0m?[1m{?[0m?[3mpeer?[0m?[2m=?[0mServer?[1m}?[0m?[2m:?[0m?[1mpoll?[0m?[2m:?[0m?[1mFramedRead::poll_next?[0m?[2m:?[0m ?[2mtokio_util::codec::framed_impl?[0m?[2m:?[0m attempting to decode a frame
15:13:27.406 [Thread-5] DEBUG i.pact.plugins.jvm.core.ChildProcess - Plugin protobuf [46348] || ?[2m2023-03-27T09:43:27.405924Z?[0m ?[35mTRACE?[0m tokio-runtime-worker ?[1mserver_handshake?[0m?[2m:?[0m?[1mConnection?[0m?[1m{?[0m?[3mpeer?[0m?[2m=?[0mServer?[1m}?[0m?[2m:?[0m?[1mpoll?[0m?[2m:?[0m?[1mFramedRead::poll_next?[0m?[2m:?[0m ?[2mtokio_util::codec::framed_impl?[0m?[2m:?[0m frame decoded from buffer
15:13:27.406 [Thread-5] DEBUG i.pact.plugins.jvm.core.ChildProcess - Plugin protobuf [46348] || ?[2m2023-03-27T09:43:27.405966Z?[0m ?[35mTRACE?[0m tokio-runtime-worker ?[1mserver_handshake?[0m?[2m:?[0m?[1mConnection?[0m?[1m{?[0m?[3mpeer?[0m?[2m=?[0mServer?[1m}?[0m?[2m:?[0m?[1mpoll?[0m?[2m:?[0m?[1mFramedRead::poll_next?[0m?[2m:?[0m ?[2mh2::codec::framed_read?[0m?[2m:?[0m ?[3mread.bytes?[0m?[2m=?[0m33
15:13:27.406 [Thread-5] DEBUG i.pact.plugins.jvm.core.ChildProcess - Plugin protobuf [46348] || ?[2m2023-03-27T09:43:27.406415Z?[0m ?[35mTRACE?[0m tokio-runtime-worker ?[1mserver_handshake?[0m?[2m:?[0m?[1mConnection?[0m?[1m{?[0m?[3mpeer?[0m?[2m=?[0mServer?[1m}?[0m?[2m:?[0m?[1mpoll?[0m?[2m:?[0m?[1mFramedRead::poll_next?[0m?[2m:?[0m?[1mFramedRead::decode_frame?[0m?[1m{?[0m?[3moffset?[0m?[2m=?[0m33?[1m}?[0m?[2m:?[0m ?[2mh2::codec::framed_read?[0m?[2m:?[0m decoding frame from 33B
15:13:27.406 [Thread-5] DEBUG i.pact.plugins.jvm.core.ChildProcess - Plugin protobuf [46348] || ?[2m2023-03-27T09:43:27.406447Z?[0m ?[35mTRACE?[0m tokio-runtime-worker ?[1mserver_handshake?[0m?[2m:?[0m?[1mConnection?[0m?[1m{?[0m?[3mpeer?[0m?[2m=?[0mServer?[1m}?[0m?[2m:?[0m?[1mpoll?[0m?[2m:?[0m?[1mFramedRead::poll_next?[0m?[2m:?[0m?[1mFramedRead::decode_frame?[0m?[1m{?[0m?[3moffset?[0m?[2m=?[0m33?[1m}?[0m?[2m:?[0m ?[2mh2::codec::framed_read?[0m?[2m:?[0m ?[3mframe.kind?[0m?[2m=?[0mSettings
15:13:27.407 [Thread-5] DEBUG i.pact.plugins.jvm.core.ChildProcess - Plugin protobuf [46348] || ?[2m2023-03-27T09:43:27.406961Z?[0m ?[34mDEBUG?[0m tokio-runtime-worker ?[1mserver_handshake?[0m?[2m:?[0m?[1mConnection?[0m?[1m{?[0m?[3mpeer?[0m?[2m=?[0mServer?[1m}?[0m?[2m:?[0m?[1mpoll?[0m?[2m:?[0m?[1mFramedRead::poll_next?[0m?[2m:?[0m ?[2mh2::codec::framed_read?[0m?[2m:?[0m received ?[3mframe?[0m?[2m=?[0mSettings { flags: (0x0), enable_push: 0, max_concurrent_streams: 0, initial_window_size: 1048576, max_header_list_size: 8192 }
15:13:27.407 [Thread-5] DEBUG i.pact.plugins.jvm.core.ChildProcess - Plugin protobuf [46348] || ?[2m2023-03-27T09:43:27.407089Z?[0m ?[35mTRACE?[0m tokio-runtime-worker ?[1mserver_handshake?[0m?[2m:?[0m?[1mConnection?[0m?[1m{?[0m?[3mpeer?[0m?[2m=?[0mServer?[1m}?[0m?[2m:?[0m?[1mpoll?[0m?[2m:?[0m ?[2mh2::proto::connection?[0m?[2m:?[0m recv SETTINGS ?[3mframe?[0m?[2m=?[0mSettings { flags: (0x0), enable_push: 0, max_concurrent_streams: 0, initial_window_size: 1048576, max_header_list_size: 8192 }
15:13:27.407 [Thread-5] DEBUG i.pact.plugins.jvm.core.ChildProcess - Plugin protobuf [46348] || ?[2m2023-03-27T09:43:27.407198Z?[0m ?[34mDEBUG?[0m tokio-runtime-worker ?[1mserver_handshake?[0m?[2m:?[0m?[1mConnection?[0m?[1m{?[0m?[3mpeer?[0m?[2m=?[0mServer?[1m}?[0m?[2m:?[0m?[1mpoll?[0m?[2m:?[0m?[1mpoll_ready?[0m?[2m:?[0m?[1mFramedWrite::buffer?[0m?[1m{?[0m?[3mframe?[0m?[2m=?[0mSettings { flags: (0x1: ACK) }?[1m}?[0m?[2m:?[0m ?[2mh2::codec::framed_write?[0m?[2m:?[0m send ?[3mframe?[0m?[2m=?[0mSettings { flags: (0x1: ACK) }
15:13:27.407 [Thread-5] DEBUG i.pact.plugins.jvm.core.ChildProcess - Plugin protobuf [46348] || ?[2m2023-03-27T09:43:27.407323Z?[0m ?[35mTRACE?[0m tokio-runtime-worker ?[1mserver_handshake?[0m?[2m:?[0m?[1mConnection?[0m?[1m{?[0m?[3mpeer?[0m?[2m=?[0mServer?[1m}?[0m?[2m:?[0m?[1mpoll?[0m?[2m:?[0m?[1mpoll_ready?[0m?[2m:?[0m?[1mFramedWrite::buffer?[0m?[1m{?[0m?[3mframe?[0m?[2m=?[0mSettings { flags: (0x1: ACK) }?[1m}?[0m?[2m:?[0m ?[2mh2::frame::settings?[0m?[2m:?[0m encoding SETTINGS; len=0
15:13:27.407 [Thread-5] DEBUG i.pact.plugins.jvm.core.ChildProcess - Plugin protobuf [46348] || ?[2m2023-03-27T09:43:27.407458Z?[0m ?[35mTRACE?[0m tokio-runtime-worker ?[1mserver_handshake?[0m?[2m:?[0m?[1mConnection?[0m?[1m{?[0m?[3mpeer?[0m?[2m=?[0mServer?[1m}?[0m?[2m:?[0m?[1mpoll?[0m?[2m:?[0m?[1mpoll_ready?[0m?[2m:?[0m?[1mFramedWrite::buffer?[0m?[1m{?[0m?[3mframe?[0m?[2m=?[0mSettings { flags: (0x1: ACK) }?[1m}?[0m?[2m:?[0m ?[2mh2::codec::framed_write?[0m?[2m:?[0m encoded settings ?[3mrem?[0m?[2m=?[0m9
15:13:27.407 [Thread-5] DEBUG i.pact.plugins.jvm.core.ChildProcess - Plugin protobuf [46348] || ?[2m2023-03-27T09:43:27.407497Z?[0m ?[35mTRACE?[0m tokio-runtime-worker ?[1mserver_handshake?[0m?[2m:?[0m?[1mConnection?[0m?[1m{?[0m?[3mpeer?[0m?[2m=?[0mServer?[1m}?[0m?[2m:?[0m?[1mpoll?[0m?[2m:?[0m?[1mpoll_ready?[0m?[2m:?[0m ?[2mh2::proto::settings?[0m?[2m:?[0m ACK sent; applying settings
15:13:27.408 [Thread-5] DEBUG i.pact.plugins.jvm.core.ChildProcess - Plugin protobuf [46348] || ?[2m2023-03-27T09:43:27.407907Z?[0m ?[35mTRACE?[0m tokio-runtime-worker ?[1mserver_handshake?[0m?[2m:?[0m?[1mConnection?[0m?[1m{?[0m?[3mpeer?[0m?[2m=?[0mServer?[1m}?[0m?[2m:?[0m?[1mpoll?[0m?[2m:?[0m?[1mFramedRead::poll_next?[0m?[2m:?[0m ?[2mh2::codec::framed_read?[0m?[2m:?[0m poll
15:13:27.408 [Thread-5] DEBUG i.pact.plugins.jvm.core.ChildProcess - Plugin protobuf [46348] || ?[2m2023-03-27T09:43:27.407927Z?[0m ?[35mTRACE?[0m tokio-runtime-worker ?[1mserver_handshake?[0m?[2m:?[0m?[1mConnection?[0m?[1m{?[0m?[3mpeer?[0m?[2m=?[0mServer?[1m}?[0m?[2m:?[0m?[1mpoll?[0m?[2m:?[0m?[1mFramedRead::poll_next?[0m?[2m:?[0m ?[2mtokio_util::codec::framed_impl?[0m?[2m:?[0m attempting to decode a frame
15:13:27.408 [Thread-5] DEBUG i.pact.plugins.jvm.core.ChildProcess - Plugin protobuf [46348] || ?[2m2023-03-27T09:43:27.407943Z?[0m ?[35mTRACE?[0m tokio-runtime-worker ?[1mserver_handshake?[0m?[2m:?[0m?[1mConnection?[0m?[1m{?[0m?[3mpeer?[0m?[2m=?[0mServer?[1m}?[0m?[2m:?[0m?[1mpoll?[0m?[2m:?[0m?[1mFramedRead::poll_next?[0m?[2m:?[0m ?[2mtokio_util::codec::framed_impl?[0m?[2m:?[0m frame decoded from buffer
[...]
15:13:28.846 [Thread-5] DEBUG i.pact.plugins.jvm.core.ChildProcess - Plugin protobuf [46348] || ?[2m2023-03-27T09:43:28.845910Z?[0m ?[35mTRACE?[0m tokio-runtime-worker ?[1mserver_handshake?[0m?[2m:?[0m?[1mConnection?[0m?[1m{?[0m?[3mpeer?[0m?[2m=?[0mServer?[1m}?[0m?[2m:?[0m?[1mpoll?[0m?[2m:?[0m ?[2mh2::proto::streams::prioritize?[0m?[2m:?[0m writing ?[3mframe?[0m?[2m=?[0mData { stream_id: StreamId(9) }
15:13:28.846 [Thread-5] DEBUG i.pact.plugins.jvm.core.ChildProcess - Plugin protobuf [46348] || ?[2m2023-03-27T09:43:28.845929Z?[0m ?[34mDEBUG?[0m tokio-runtime-worker ?[1mserver_handshake?[0m?[2m:?[0m?[1mConnection?[0m?[1m{?[0m?[3mpeer?[0m?[2m=?[0mServer?[1m}?[0m?[2m:?[0m?[1mpoll?[0m?[2m:?[0m?[1mFramedWrite::buffer?[0m?[1m{?[0m?[3mframe?[0m?[2m=?[0mData { stream_id: StreamId(9) }?[1m}?[0m?[2m:?[0m ?[2mh2::codec::framed_write?[0m?[2m:?[0m send ?[3mframe?[0m?[2m=?[0mData { stream_id: StreamId(9) }
15:13:28.846 [Thread-5] DEBUG i.pact.plugins.jvm.core.ChildProcess - Plugin protobuf [46348] || ?[2m2023-03-27T09:43:28.845953Z?[0m ?[35mTRACE?[0m tokio-runtime-worker ?[1mserver_handshake?[0m?[2m:?[0m?[1mConnection?[0m?[1m{?[0m?[3mpeer?[0m?[2m=?[0mServer?[1m}?[0m?[2m:?[0m?[1mpoll?[0m?[2m:?[0m?[1mFramedWrite::flush?[0m?[2m:?[0m ?[2mh2::codec::framed_write?[0m?[2m:?[0m ?[3mqueued_data_frame?[0m?[2m=?[0mtrue
15:13:28.846 [Thread-5] DEBUG i.pact.plugins.jvm.core.ChildProcess - Plugin protobuf [46348] || ?[2m2023-03-27T09:43:28.845980Z?[0m ?[35mTRACE?[0m tokio-runtime-worker ?[1mserver_handshake?[0m?[2m:?[0m?[1mConnection?[0m?[1m{?[0m?[3mpeer?[0m?[2m=?[0mServer?[1m}?[0m?[2m:?[0m?[1mpoll?[0m?[2m:?[0m?[1mFramedWrite::flush?[0m?[2m:?[0m ?[2mh2::codec::framed_write?[0m?[2m:?[0m ?[3mqueued_data_frame?[0m?[2m=?[0mtrue
15:13:28.846 [Thread-5] DEBUG i.pact.plugins.jvm.core.ChildProcess - Plugin protobuf [46348] || ?[2m2023-03-27T09:43:28.845999Z?[0m ?[35mTRACE?[0m tokio-runtime-worker ?[1mserver_handshake?[0m?[2m:?[0m?[1mConnection?[0m?[1m{?[0m?[3mpeer?[0m?[2m=?[0mServer?[1m}?[0m?[2m:?[0m?[1mpoll?[0m?[2m:?[0m?[1mFramedWrite::flush?[0m?[2m:?[0m ?[2mh2::codec::framed_write?[0m?[2m:?[0m flushing buffer
15:13:28.846 [Thread-5] DEBUG i.pact.plugins.jvm.core.ChildProcess - Plugin protobuf [46348] || ?[2m2023-03-27T09:43:28.846024Z?[0m ?[35mTRACE?[0m tokio-runtime-worker ?[1mserver_handshake?[0m?[2m:?[0m?[1mConnection?[0m?[1m{?[0m?[3mpeer?[0m?[2m=?[0mServer?[1m}?[0m?[2m:?[0m?[1mpoll?[0m?[2m:?[0m?[1mtry_reclaim_frame?[0m?[2m:?[0m ?[2mh2::proto::streams::prioritize?[0m?[2m:?[0m reclaimed ?[3mframe?[0m?[2m=?[0mData { stream_id: StreamId(9) } ?[3msz?[0m?[2m=?[0m0
15:13:28.846 [Thread-5] DEBUG i.pact.plugins.jvm.core.ChildProcess - Plugin protobuf [46348] || ?[2m2023-03-27T09:43:28.846046Z?[0m ?[35mTRACE?[0m tokio-runtime-worker ?[1mserver_handshake?[0m?[2m:?[0m?[1mConnection?[0m?[1m{?[0m?[3mpeer?[0m?[2m=?[0mServer?[1m}?[0m?[2m:?[0m?[1mpoll?[0m?[2m:?[0m ?[2mh2::proto::streams::prioritize?[0m?[2m:?[0m schedule_pending_open
15:13:28.846 [Thread-5] DEBUG i.pact.plugins.jvm.core.ChildProcess - Plugin protobuf [46348] || ?[2m2023-03-27T09:43:28.846073Z?[0m ?[35mTRACE?[0m tokio-runtime-worker ?[1mserver_handshake?[0m?[2m:?[0m?[1mConnection?[0m?[1m{?[0m?[3mpeer?[0m?[2m=?[0mServer?[1m}?[0m?[2m:?[0m?[1mpoll?[0m?[2m:?[0m?[1mpop_frame?[0m?[2m:?[0m?[1mpopped?[0m?[1m{?[0m?[3mstream.id?[0m?[2m=?[0mStreamId(9) ?[3mstream.state?[0m?[2m=?[0mState { inner: Closed(EndStream) }?[1m}?[0m?[2m:?[0m ?[2mh2::proto::streams::prioritize?[0m?[2m:?[0m ?[3mis_pending_reset?[0m?[2m=?[0mfalse
15:13:28.846 [Thread-5] DEBUG i.pact.plugins.jvm.core.ChildProcess - Plugin protobuf [46348] || ?[2m2023-03-27T09:43:28.846088Z?[0m ?[35mTRACE?[0m tokio-runtime-worker ?[1mserver_handshake?[0m?[2m:?[0m?[1mConnection?[0m?[1m{?[0m?[3mpeer?[0m?[2m=?[0mServer?[1m}?[0m?[2m:?[0m?[1mpoll?[0m?[2m:?[0m?[1mpop_frame?[0m?[2m:?[0m?[1mpopped?[0m?[1m{?[0m?[3mstream.id?[0m?[2m=?[0mStreamId(9) ?[3mstream.state?[0m?[2m=?[0mState { inner: Closed(EndStream) }?[1m}?[0m?[2m:?[0m ?[2mh2::proto::streams::prioritize?[0m?[2m:?[0m pop_frame; frame=Headers { stream_id: StreamId(9), flags: (0x5: END_HEADERS | END_STREAM) }
15:13:28.846 [Thread-5] DEBUG i.pact.plugins.jvm.core.ChildProcess - Plugin protobuf [46348] || ?[2m2023-03-27T09:43:28.846104Z?[0m ?[35mTRACE?[0m tokio-runtime-worker ?[1mserver_handshake?[0m?[2m:?[0m?[1mConnection?[0m?[1m{?[0m?[3mpeer?[0m?[2m=?[0mServer?[1m}?[0m?[2m:?[0m?[1mpoll?[0m?[2m:?[0m?[1mpop_frame?[0m?[2m:?[0m?[1mpopped?[0m?[1m{?[0m?[3mstream.id?[0m?[2m=?[0mStreamId(9) ?[3mstream.state?[0m?[2m=?[0mState { inner: Closed(EndStream) }?[1m}?[0m?[2m:?[0m ?[2mh2::proto::streams::counts?[0m?[2m:?[0m transition_after; stream=StreamId(9); state=State { inner: Closed(EndStream) }; is_closed=true; pending_send_empty=true; buffered_send_data=0; num_recv=1; num_send=0
15:13:28.846 [Thread-5] DEBUG i.pact.plugins.jvm.core.ChildProcess - Plugin protobuf [46348] || ?[2m2023-03-27T09:43:28.846120Z?[0m ?[35mTRACE?[0m tokio-runtime-worker ?[1mserver_handshake?[0m?[2m:?[0m?[1mConnection?[0m?[1m{?[0m?[3mpeer?[0m?[2m=?[0mServer?[1m}?[0m?[2m:?[0m?[1mpoll?[0m?[2m:?[0m?[1mpop_frame?[0m?[2m:?[0m?[1mpopped?[0m?[1m{?[0m?[3mstream.id?[0m?[2m=?[0mStreamId(9) ?[3mstream.state?[0m?[2m=?[0mState { inner: Closed(EndStream) }?[1m}?[0m?[2m:?[0m ?[2mh2::proto::streams::counts?[0m?[2m:?[0m dec_num_streams; stream=StreamId(9)
15:13:28.846 [Thread-5] DEBUG i.pact.plugins.jvm.core.ChildProcess - Plugin protobuf [46348] || ?[2m2023-03-27T09:43:28.846208Z?[0m ?[35mTRACE?[0m tokio-runtime-worker ?[1mserver_handshake?[0m?[2m:?[0m?[1mConnection?[0m?[1m{?[0m?[3mpeer?[0m?[2m=?[0mServer?[1m}?[0m?[2m:?[0m?[1mpoll?[0m?[2m:?[0m ?[2mh2::proto::streams::prioritize?[0m?[2m:?[0m writing ?[3mframe?[0m?[2m=?[0mHeaders { stream_id: StreamId(9), flags: (0x5: END_HEADERS | END_STREAM) }
15:13:28.846 [Thread-5] DEBUG i.pact.plugins.jvm.core.ChildProcess - Plugin protobuf [46348] || ?[2m2023-03-27T09:43:28.846244Z?[0m ?[34mDEBUG?[0m tokio-runtime-worker ?[1mserver_handshake?[0m?[2m:?[0m?[1mConnection?[0m?[1m{?[0m?[3mpeer?[0m?[2m=?[0mServer?[1m}?[0m?[2m:?[0m?[1mpoll?[0m?[2m:?[0m?[1mFramedWrite::buffer?[0m?[1m{?[0m?[3mframe?[0m?[2m=?[0mHeaders { stream_id: StreamId(9), flags: (0x5: END_HEADERS | END_STREAM) }?[1m}?[0m?[2m:?[0m ?[2mh2::codec::framed_write?[0m?[2m:?[0m send ?[3mframe?[0m?[2m=?[0mHeaders { stream_id: StreamId(9), flags: (0x5: END_HEADERS | END_STREAM) }
15:13:28.846 [Thread-5] DEBUG i.pact.plugins.jvm.core.ChildProcess - Plugin protobuf [46348] || ?[2m2023-03-27T09:43:28.846299Z?[0m ?[35mTRACE?[0m tokio-runtime-worker ?[1mserver_handshake?[0m?[2m:?[0m?[1mConnection?[0m?[1m{?[0m?[3mpeer?[0m?[2m=?[0mServer?[1m}?[0m?[2m:?[0m?[1mpoll?[0m?[2m:?[0m ?[2mh2::proto::streams::prioritize?[0m?[2m:?[0m schedule_pending_open
15:13:28.846 [Thread-5] DEBUG i.pact.plugins.jvm.core.ChildProcess - Plugin protobuf [46348] || ?[2m2023-03-27T09:43:28.846332Z?[0m ?[35mTRACE?[0m tokio-runtime-worker ?[1mserver_handshake?[0m?[2m:?[0m?[1mConnection?[0m?[1m{?[0m?[3mpeer?[0m?[2m=?[0mServer?[1m}?[0m?[2m:?[0m?[1mpoll?[0m?[2m:?[0m?[1mFramedWrite::flush?[0m?[2m:?[0m ?[2mh2::codec::framed_write?[0m?[2m:?[0m ?[3mqueued_data_frame?[0m?[2m=?[0mfalse
15:13:28.846 [Thread-5] DEBUG i.pact.plugins.jvm.core.ChildProcess - Plugin protobuf [46348] || ?[2m2023-03-27T09:43:28.846367Z?[0m ?[35mTRACE?[0m tokio-runtime-worker ?[1mserver_handshake?[0m?[2m:?[0m?[1mConnection?[0m?[1m{?[0m?[3mpeer?[0m?[2m=?[0mServer?[1m}?[0m?[2m:?[0m?[1mpoll?[0m?[2m:?[0m?[1mFramedWrite::flush?[0m?[2m:?[0m ?[2mh2::codec::framed_write?[0m?[2m:?[0m flushing buffer
15:13:28.848 [grpc-nio-worker-ELG-1-2] DEBUG io.grpc.netty.NettyClientHandler - [id: 0x9e25d4de, L:/0:0:0:0:0:0:0:1:54373 - R:/0:0:0:0:0:0:0:1:54371] INBOUND HEADERS: streamId=9 headers=GrpcHttp2ResponseHeaders[:status: 200, content-type: application/grpc, date: Mon, 27 Mar 2023 09:43:28 GMT] padding=0 endStream=false
15:13:28.849 [grpc-nio-worker-ELG-1-2] DEBUG io.grpc.netty.NettyClientHandler - [id: 0x9e25d4de, L:/0:0:0:0:0:0:0:1:54373 - R:/0:0:0:0:0:0:0:1:54371] INBOUND DATA: streamId=9 padding=0 endStream=false length=546 bytes=000000021d129a041aa001129d010a220a205b22313a2854686972747954776f4269742c20466c6f617429203d203132225d122f0a2d5b22313a284c656e6774...
15:13:28.849 [grpc-nio-worker-ELG-1-2] DEBUG io.grpc.netty.NettyClientHandler - [id: 0x9e25d4de, L:/0:0:0:0:0:0:0:1:54373 - R:/0:0:0:0:0:0:0:1:54371] OUTBOUND PING: ack=false bytes=1234
15:13:28.849 [grpc-nio-worker-ELG-1-2] DEBUG io.grpc.netty.NettyClientHandler - [id: 0x9e25d4de, L:/0:0:0:0:0:0:0:1:54373 - R:/0:0:0:0:0:0:0:1:54371] INBOUND HEADERS: streamId=9 headers=GrpcHttp2ResponseHeaders[grpc-status: 0] padding=0 endStream=true
15:13:28.851 [Thread-5] DEBUG i.pact.plugins.jvm.core.ChildProcess - Plugin protobuf [46348] || ?[2m2023-03-27T09:43:28.851120Z?[0m ?[35mTRACE?[0m tokio-runtime-worker ?[1mserver_handshake?[0m?[2m:?[0m?[1mConnection?[0m?[1m{?[0m?[3mpeer?[0m?[2m=?[0mServer?[1m}?[0m?[2m:?[0m?[1mpoll?[0m?[2m:?[0m ?[2mh2::proto::connection?[0m?[2m:?[0m ?[3mconnection.state?[0m?[2m=?[0mOpen
15:13:28.851 [Thread-5] DEBUG i.pact.plugins.jvm.core.ChildProcess - Plugin protobuf [46348] || ?[2m2023-03-27T09:43:28.851173Z?[0m ?[35mTRACE?[0m tokio-runtime-worker ?[1mserver_handshake?[0m?[2m:?[0m?[1mConnection?[0m?[1m{?[0m?[3mpeer?[0m?[2m=?[0mServer?[1m}?[0m?[2m:?[0m?[1mpoll?[0m?[2m:?[0m?[1mFramedRead::poll_next?[0m?[2m:?[0m ?[2mh2::codec::framed_read?[0m?[2m:?[0m poll
15:13:28.851 [Thread-5] DEBUG i.pact.plugins.jvm.core.ChildProcess - Plugin protobuf [46348] || ?[2m2023-03-27T09:43:28.851196Z?[0m ?[35mTRACE?[0m tokio-runtime-worker ?[1mserver_handshake?[0m?[2m:?[0m?[1mConnection?[0m?[1m{?[0m?[3mpeer?[0m?[2m=?[0mServer?[1m}?[0m?[2m:?[0m?[1mpoll?[0m?[2m:?[0m?[1mFramedRead::poll_next?[0m?[2m:?[0m ?[2mtokio_util::codec::framed_impl?[0m?[2m:?[0m attempting to decode a frame
15:13:28.851 [Thread-5] DEBUG i.pact.plugins.jvm.core.ChildProcess - Plugin protobuf [46348] || ?[2m2023-03-27T09:43:28.851211Z?[0m ?[35mTRACE?[0m tokio-runtime-worker ?[1mserver_handshake?[0m?[2m:?[0m?[1mConnection?[0m?[1m{?[0m?[3mpeer?[0m?[2m=?[0mServer?[1m}?[0m?[2m:?[0m?[1mpoll?[0m?[2m:?[0m?[1mFramedRead::poll_next?[0m?[2m:?[0m ?[2mtokio_util::codec::framed_impl?[0m?[2m:?[0m frame decoded from buffer
15:13:28.851 [Thread-5] DEBUG i.pact.plugins.jvm.core.ChildProcess - Plugin protobuf [46348] || ?[2m2023-03-27T09:43:28.851222Z?[0m ?[35mTRACE?[0m tokio-runtime-worker ?[1mserver_handshake?[0m?[2m:?[0m?[1mConnection?[0m?[1m{?[0m?[3mpeer?[0m?[2m=?[0mServer?[1m}?[0m?[2m:?[0m?[1mpoll?[0m?[2m:?[0m?[1mFramedRead::poll_next?[0m?[2m:?[0m ?[2mh2::codec::framed_read?[0m?[2m:?[0m ?[3mread.bytes?[0m?[2m=?[0m17
15:13:28.851 [Thread-5] DEBUG i.pact.plugins.jvm.core.ChildProcess - Plugin protobuf [46348] || ?[2m2023-03-27T09:43:28.851243Z?[0m ?[35mTRACE?[0m tokio-runtime-worker ?[1mserver_handshake?[0m?[2m:?[0m?[1mConnection?[0m?[1m{?[0m?[3mpeer?[0m?[2m=?[0mServer?[1m}?[0m?[2m:?[0m?[1mpoll?[0m?[2m:?[0m?[1mFramedRead::poll_next?[0m?[2m:?[0m?[1mFramedRead::decode_frame?[0m?[1m{?[0m?[3moffset?[0m?[2m=?[0m17?[1m}?[0m?[2m:?[0m ?[2mh2::codec::framed_read?[0m?[2m:?[0m decoding frame from 17B
15:13:28.851 [Thread-5] DEBUG i.pact.plugins.jvm.core.ChildProcess - Plugin protobuf [46348] || ?[2m2023-03-27T09:43:28.851257Z?[0m ?[35mTRACE?[0m tokio-runtime-worker ?[1mserver_handshake?[0m?[2m:?[0m?[1mConnection?[0m?[1m{?[0m?[3mpeer?[0m?[2m=?[0mServer?[1m}?[0m?[2m:?[0m?[1mpoll?[0m?[2m:?[0m?[1mFramedRead::poll_next?[0m?[2m:?[0m?[1mFramedRead::decode_frame?[0m?[1m{?[0m?[3moffset?[0m?[2m=?[0m17?[1m}?[0m?[2m:?[0m ?[2mh2::codec::framed_read?[0m?[2m:?[0m ?[3mframe.kind?[0m?[2m=?[0mPing
15:13:28.851 [Thread-5] DEBUG i.pact.plugins.jvm.core.ChildProcess - Plugin protobuf [46348] || ?[2m2023-03-27T09:43:28.851278Z?[0m ?[34mDEBUG?[0m tokio-runtime-worker ?[1mserver_handshake?[0m?[2m:?[0m?[1mConnection?[0m?[1m{?[0m?[3mpeer?[0m?[2m=?[0mServer?[1m}?[0m?[2m:?[0m?[1mpoll?[0m?[2m:?[0m?[1mFramedRead::poll_next?[0m?[2m:?[0m ?[2mh2::codec::framed_read?[0m?[2m:?[0m received ?[3mframe?[0m?[2m=?[0mPing { ack: false, payload: [0, 0, 0, 0, 0, 0, 4, 210] }
15:13:28.851 [Thread-5] DEBUG i.pact.plugins.jvm.core.ChildProcess - Plugin protobuf [46348] || ?[2m2023-03-27T09:43:28.851302Z?[0m ?[35mTRACE?[0m tokio-runtime-worker ?[1mserver_handshake?[0m?[2m:?[0m?[1mConnection?[0m?[1m{?[0m?[3mpeer?[0m?[2m=?[0mServer?[1m}?[0m?[2m:?[0m?[1mpoll?[0m?[2m:?[0m ?[2mh2::proto::connection?[0m?[2m:?[0m recv PING ?[3mframe?[0m?[2m=?[0mPing { ack: false, payload: [0, 0, 0, 0, 0, 0, 4, 210] }
15:13:28.851 [Thread-5] DEBUG i.pact.plugins.jvm.core.ChildProcess - Plugin protobuf [46348] || ?[2m2023-03-27T09:43:28.851334Z?[0m ?[34mDEBUG?[0m tokio-runtime-worker ?[1mserver_handshake?[0m?[2m:?[0m?[1mConnection?[0m?[1m{?[0m?[3mpeer?[0m?[2m=?[0mServer?[1m}?[0m?[2m:?[0m?[1mpoll?[0m?[2m:?[0m?[1mpoll_ready?[0m?[2m:?[0m?[1mFramedWrite::buffer?[0m?[1m{?[0m?[3mframe?[0m?[2m=?[0mPing { ack: true, payload: [0, 0, 0, 0, 0, 0, 4, 210] }?[1m}?[0m?[2m:?[0m ?[2mh2::codec::framed_write?[0m?[2m:?[0m send ?[3mframe?[0m?[2m=?[0mPing { ack: true, payload: [0, 0, 0, 0, 0, 0, 4, 210] }
15:13:28.851 [Thread-5] DEBUG i.pact.plugins.jvm.core.ChildProcess - Plugin protobuf [46348] || ?[2m2023-03-27T09:43:28.851351Z?[0m ?[35mTRACE?[0m tokio-runtime-worker ?[1mserver_handshake?[0m?[2m:?[0m?[1mConnection?[0m?[1m{?[0m?[3mpeer?[0m?[2m=?[0mServer?[1m}?[0m?[2m:?[0m?[1mpoll?[0m?[2m:?[0m?[1mpoll_ready?[0m?[2m:?[0m?[1mFramedWrite::buffer?[0m?[1m{?[0m?[3mframe?[0m?[2m=?[0mPing { ack: true, payload: [0, 0, 0, 0, 0, 0, 4, 210] }?[1m}?[0m?[2m:?[0m ?[2mh2::frame::ping?[0m?[2m:?[0m encoding PING; ack=true len=8
15:13:28.851 [Thread-5] DEBUG i.pact.plugins.jvm.core.ChildProcess - Plugin protobuf [46348] || ?[2m2023-03-27T09:43:28.851366Z?[0m ?[35mTRACE?[0m tokio-runtime-worker ?[1mserver_handshake?[0m?[2m:?[0m?[1mConnection?[0m?[1m{?[0m?[3mpeer?[0m?[2m=?[0mServer?[1m}?[0m?[2m:?[0m?[1mpoll?[0m?[2m:?[0m?[1mpoll_ready?[0m?[2m:?[0m?[1mFramedWrite::buffer?[0m?[1m{?[0m?[3mframe?[0m?[2m=?[0mPing { ack: true, payload: [0, 0, 0, 0, 0, 0, 4, 210] }?[1m}?[0m?[2m:?[0m ?[2mh2::codec::framed_write?[0m?[2m:?[0m encoded ping ?[3mrem?[0m?[2m=?[0m17
15:13:28.851 [Thread-5] DEBUG i.pact.plugins.jvm.core.ChildProcess - Plugin protobuf [46348] || ?[2m2023-03-27T09:43:28.851398Z?[0m ?[35mTRACE?[0m tokio-runtime-worker ?[1mserver_handshake?[0m?[2m:?[0m?[1mConnection?[0m?[1m{?[0m?[3mpeer?[0m?[2m=?[0mServer?[1m}?[0m?[2m:?[0m?[1mpoll?[0m?[2m:?[0m?[1mFramedRead::poll_next?[0m?[2m:?[0m ?[2mh2::codec::framed_read?[0m?[2m:?[0m poll
15:13:28.851 [Thread-5] DEBUG i.pact.plugins.jvm.core.ChildProcess - Plugin protobuf [46348] || ?[2m2023-03-27T09:43:28.851410Z?[0m ?[35mTRACE?[0m tokio-runtime-worker ?[1mserver_handshake?[0m?[2m:?[0m?[1mConnection?[0m?[1m{?[0m?[3mpeer?[0m?[2m=?[0mServer?[1m}?[0m?[2m:?[0m?[1mpoll?[0m?[2m:?[0m?[1mFramedRead::poll_next?[0m?[2m:?[0m ?[2mtokio_util::codec::framed_impl?[0m?[2m:?[0m attempting to decode a frame
15:13:28.851 [Thread-5] DEBUG i.pact.plugins.jvm.core.ChildProcess - Plugin protobuf [46348] || ?[2m2023-03-27T09:43:28.851445Z?[0m ?[35mTRACE?[0m tokio-runtime-worker ?[1mserver_handshake?[0m?[2m:?[0m?[1mConnection?[0m?[1m{?[0m?[3mpeer?[0m?[2m=?[0mServer?[1m}?[0m?[2m:?[0m?[1mpoll?[0m?[2m:?[0m ?[2mh2::proto::streams::prioritize?[0m?[2m:?[0m poll_complete
15:13:28.851 [Thread-5] DEBUG i.pact.plugins.jvm.core.ChildProcess - Plugin protobuf [46348] || ?[2m2023-03-27T09:43:28.851457Z?[0m ?[35mTRACE?[0m tokio-runtime-worker ?[1mserver_handshake?[0m?[2m:?[0m?[1mConnection?[0m?[1m{?[0m?[3mpeer?[0m?[2m=?[0mServer?[1m}?[0m?[2m:?[0m?[1mpoll?[0m?[2m:?[0m ?[2mh2::proto::streams::prioritize?[0m?[2m:?[0m schedule_pending_open
15:13:28.851 [Thread-5] DEBUG i.pact.plugins.jvm.core.ChildProcess - Plugin protobuf [46348] || ?[2m2023-03-27T09:43:28.851484Z?[0m ?[35mTRACE?[0m tokio-runtime-worker ?[1mserver_handshake?[0m?[2m:?[0m?[1mConnection?[0m?[1m{?[0m?[3mpeer?[0m?[2m=?[0mServer?[1m}?[0m?[2m:?[0m?[1mpoll?[0m?[2m:?[0m?[1mFramedWrite::flush?[0m?[2m:?[0m ?[2mh2::codec::framed_write?[0m?[2m:?[0m ?[3mqueued_data_frame?[0m?[2m=?[0mfalse
15:13:28.851 [Thread-5] DEBUG i.pact.plugins.jvm.core.ChildProcess - Plugin protobuf [46348] || ?[2m2023-03-27T09:43:28.851517Z?[0m ?[35mTRACE?[0m tokio-runtime-worker ?[1mserver_handshake?[0m?[2m:?[0m?[1mConnection?[0m?[1m{?[0m?[3mpeer?[0m?[2m=?[0mServer?[1m}?[0m?[2m:?[0m?[1mpoll?[0m?[2m:?[0m?[1mFramedWrite::flush?[0m?[2m:?[0m ?[2mh2::codec::framed_write?[0m?[2m:?[0m flushing buffer
15:13:28.852 [grpc-nio-worker-ELG-1-2] DEBUG io.grpc.netty.NettyClientHandler - [id: 0x9e25d4de, L:/0:0:0:0:0:0:0:1:54373 - R:/0:0:0:0:0:0:0:1:54371] INBOUND PING: ack=true bytes=1234
15:13:28.886 [Test worker] DEBUG i.p.p.jvm.core.DefaultPluginManager - Got response: result {
  mismatches {
    mismatch {
      expected {
        value: "[\"1:(ThirtyTwoBit, Float) = 12\"]"
      }
      actual {
        value: "[\"1:(LengthDelimited, Unknown) = 0400004041\"]"
      }
      mismatch: "Unable to match [\"1:(ThirtyTwoBit, Float) = 12\"] using Number"
      path: "$.value"
    }
  }
  mismatches {
    mismatch {
      expected {
        value: "12"
      }
      actual {
        value: "0400004041"
      }
      mismatch: "Expected and actual field have different types: 1:(ThirtyTwoBit, Float) = 12 and 1:(LengthDelimited, Unknown) = 0400004041"
      path: "$.value[0]"
    }
  }
  output: "Given a \033[1mCalculator\033[0m/\033[1mcalculateOne\033[0m request"
  output: "    with an input \033[1m.area_calculator.ShapeMessage\033[0m message"
  output: "    will return an output \033[1m.area_calculator.AreaResponse\033[0m message [\033[31mFAILED\033[0m]"
}

Given a ?[1mCalculator?[0m/?[1mcalculateOne?[0m request
    with an input ?[1m.area_calculator.ShapeMessage?[0m message
    will return an output ?[1m.area_calculator.AreaResponse?[0m message [?[31mFAILED?[0m]

Failures:

1) Verification Failed

    1.1) body: $.value Unable to match ["1:(ThirtyTwoBit, Float) = 12"] using Number

    1.2) body: $.value[0] Expected and actual field have different types: 1:(ThirtyTwoBit, Float) = 12 and 1:(LengthDelimited, Unknown) = 0400004041


15:13:28.954 [Test worker] DEBUG a.c.d.p.p.DefaultTestResultAccumulator - Received test result 'Failed(results=[{interactionId=, attribute=body, description=Unable to match ["1:(ThirtyTwoBit, Float) = 12"] using Number, identifier=$.value, diff=null}, {interactionId=, attribute=body, description=Expected and actual field have different types: 1:(ThirtyTwoBit, Float) = 12 and 1:(LengthDelimited, Unknown) = 0400004041, identifier=$.value[0], diff=null}], description=Verification via plugin failed)' for Pact area-calculator-provider-grpc-consumer-jvm and calculate rectangle area request (File /Users/karthik/Downloads/pact-plugins-main/examples/protobuf/protobuf-consumer-jvm/build/resources/test/pacts/grpc-consumer-jvm-area-calculator-provider.json)
15:13:28.965 [Test worker] DEBUG a.c.d.p.p.DefaultTestResultAccumulator - Number of interactions #1 and results: [Failed(results=[{interactionId=, attribute=body, description=Unable to match ["1:(ThirtyTwoBit, Float) = 12"] using Number, identifier=$.value, diff=null}, {interactionId=, attribute=body, description=Expected and actual field have different types: 1:(ThirtyTwoBit, Float) = 12 and 1:(LengthDelimited, Unknown) = 0400004041, identifier=$.value[0], diff=null}], description=Verification via plugin failed)]
15:13:28.967 [Test worker] DEBUG a.c.d.p.p.DefaultTestResultAccumulator - All interactions for Pact area-calculator-provider-grpc-consumer-jvm have a verification result
15:13:28.967 [Test worker] WARN  a.c.d.p.p.DefaultTestResultAccumulator - Skipping publishing of verification results as it has been disabled (pact.verifier.publishResults is not 'true')
15:13:28.968 [Test worker] DEBUG a.c.d.p.p.j.PactVerificationStateChangeExtension - afterEach for interaction 'calculate rectangle area request'
]]></system-out>
  <system-err><![CDATA[]]></system-err>
</testsuite>
